TN:
SF:server\actions-service.js
FN:10,(anonymous_0)
FN:56,(anonymous_1)
FN:109,(anonymous_2)
FN:143,(anonymous_3)
FN:159,(anonymous_4)
FN:231,(anonymous_5)
FN:238,(anonymous_6)
FN:267,(anonymous_7)
FN:285,(anonymous_8)
FN:334,(anonymous_9)
FN:357,(anonymous_10)
FNF:11
FNH:0
FNDA:0,(anonymous_0)
FNDA:0,(anonymous_1)
FNDA:0,(anonymous_2)
FNDA:0,(anonymous_3)
FNDA:0,(anonymous_4)
FNDA:0,(anonymous_5)
FNDA:0,(anonymous_6)
FNDA:0,(anonymous_7)
FNDA:0,(anonymous_8)
FNDA:0,(anonymous_9)
FNDA:0,(anonymous_10)
DA:11,0
DA:26,0
DA:30,0
DA:57,0
DA:58,0
DA:59,0
DA:62,0
DA:63,0
DA:75,0
DA:88,0
DA:92,0
DA:110,0
DA:111,0
DA:112,0
DA:115,0
DA:116,0
DA:129,0
DA:143,0
DA:162,0
DA:163,0
DA:176,0
DA:186,0
DA:199,0
DA:210,0
DA:232,0
DA:234,0
DA:235,0
DA:236,0
DA:238,0
DA:241,0
DA:242,0
DA:254,0
DA:267,0
DA:286,0
DA:299,0
DA:335,0
DA:337,0
DA:338,0
DA:349,0
DA:350,0
DA:353,0
DA:354,0
DA:357,0
DA:358,0
DA:359,0
DA:362,0
DA:364,0
DA:365,0
DA:370,1
LF:49
LH:1
BRDA:10,0,0,0
BRDA:26,1,0,0
BRDA:26,1,1,0
BRDA:26,2,0,0
BRDA:26,2,1,0
BRDA:32,3,0,0
BRDA:32,3,1,0
BRDA:38,4,0,0
BRDA:38,4,1,0
BRDA:39,5,0,0
BRDA:39,5,1,0
BRDA:40,6,0,0
BRDA:40,6,1,0
BRDA:45,7,0,0
BRDA:45,7,1,0
BRDA:56,8,0,0
BRDA:62,9,0,0
BRDA:62,9,1,0
BRDA:62,10,0,0
BRDA:62,10,1,0
BRDA:88,11,0,0
BRDA:88,11,1,0
BRDA:93,12,0,0
BRDA:93,12,1,0
BRDA:94,13,0,0
BRDA:94,13,1,0
BRDA:95,14,0,0
BRDA:95,14,1,0
BRDA:96,15,0,0
BRDA:96,15,1,0
BRDA:98,16,0,0
BRDA:98,16,1,0
BRDA:109,17,0,0
BRDA:115,18,0,0
BRDA:115,18,1,0
BRDA:115,19,0,0
BRDA:115,19,1,0
BRDA:148,20,0,0
BRDA:148,20,1,0
BRDA:149,21,0,0
BRDA:149,21,1,0
BRDA:162,22,0,0
BRDA:162,22,1,0
BRDA:162,23,0,0
BRDA:162,23,1,0
BRDA:212,24,0,0
BRDA:212,24,1,0
BRDA:213,25,0,0
BRDA:213,25,1,0
BRDA:214,26,0,0
BRDA:214,26,1,0
BRDA:215,27,0,0
BRDA:215,27,1,0
BRDA:218,28,0,0
BRDA:218,28,1,0
BRDA:219,29,0,0
BRDA:219,29,1,0
BRDA:220,30,0,0
BRDA:220,30,1,0
BRDA:231,31,0,0
BRDA:232,32,0,0
BRDA:232,32,1,0
BRDA:232,33,0,0
BRDA:232,33,1,0
BRDA:241,34,0,0
BRDA:241,34,1,0
BRDA:241,35,0,0
BRDA:241,35,1,0
BRDA:269,36,0,0
BRDA:269,36,1,0
BRDA:270,37,0,0
BRDA:270,37,1,0
BRDA:271,38,0,0
BRDA:271,38,1,0
BRDA:272,39,0,0
BRDA:272,39,1,0
BRDA:275,40,0,0
BRDA:275,40,1,0
BRDA:285,41,0,0
BRDA:318,42,0,0
BRDA:318,42,1,0
BRDA:319,43,0,0
BRDA:319,43,1,0
BRDA:320,44,0,0
BRDA:320,44,1,0
BRDA:321,45,0,0
BRDA:321,45,1,0
BRDA:334,46,0,0
BRDA:349,47,0,0
BRDA:349,47,1,0
BRDA:354,48,0,0
BRDA:354,48,1,0
BRF:92
BRH:0
end_of_record
TN:
SF:server\ai-service.js
FN:34,(anonymous_0)
FN:42,(anonymous_1)
FN:50,(anonymous_2)
FN:57,(anonymous_3)
FN:61,(anonymous_4)
FN:91,(anonymous_5)
FN:95,(anonymous_6)
FN:99,(anonymous_7)
FN:103,(anonymous_8)
FN:108,(anonymous_9)
FN:112,(anonymous_10)
FN:116,(anonymous_11)
FN:120,(anonymous_12)
FN:125,(anonymous_13)
FN:129,(anonymous_14)
FN:133,(anonymous_15)
FNF:16
FNH:1
FNDA:2,(anonymous_0)
FNDA:0,(anonymous_1)
FNDA:0,(anonymous_2)
FNDA:0,(anonymous_3)
FNDA:0,(anonymous_4)
FNDA:0,(anonymous_5)
FNDA:0,(anonymous_6)
FNDA:0,(anonymous_7)
FNDA:0,(anonymous_8)
FNDA:0,(anonymous_9)
FNDA:0,(anonymous_10)
FNDA:0,(anonymous_11)
FNDA:0,(anonymous_12)
FNDA:0,(anonymous_13)
FNDA:0,(anonymous_14)
FNDA:0,(anonymous_15)
DA:35,2
DA:43,0
DA:51,0
DA:58,0
DA:62,0
DA:63,0
DA:64,0
DA:67,0
DA:68,0
DA:69,0
DA:71,0
DA:73,0
DA:74,0
DA:76,0
DA:79,0
DA:80,0
DA:82,0
DA:85,0
DA:86,0
DA:92,0
DA:96,0
DA:100,0
DA:104,0
DA:109,0
DA:113,0
DA:117,0
DA:121,0
DA:126,0
DA:130,0
DA:134,0
DA:138,2
LF:31
LH:2
BRDA:43,0,0,0
BRDA:43,0,1,0
BRDA:51,1,0,0
BRDA:51,1,1,0
BRDA:58,2,0,0
BRDA:58,2,1,0
BRDA:61,3,0,0
BRDA:62,4,0,0
BRDA:62,4,1,0
BRDA:68,5,0,0
BRDA:68,5,1,0
BRDA:68,5,2,0
BRDA:69,6,0,0
BRDA:69,6,1,0
BRDA:73,7,0,0
BRDA:73,7,1,0
BRDA:79,8,0,0
BRDA:79,8,1,0
BRDA:116,9,0,0
BRDA:120,10,0,0
BRF:20
BRH:0
end_of_record
TN:
SF:server\azure-service.js
FN:18,resolvePat
FN:31,getHeaders
FN:39,azureFetch
FN:59,(anonymous_3)
FN:76,validatePat
FN:96,listProjects
FN:99,(anonymous_6)
FN:112,listRepos
FN:115,(anonymous_8)
FN:135,getRepoDetails
FN:153,listBranches
FN:156,(anonymous_11)
FN:165,listWikis
FN:168,(anonymous_13)
FN:179,getWorkItemCounts
FN:187,(anonymous_15)
FN:208,previewWorkItems
FN:219,(anonymous_17)
FN:241,fetchWorkItems
FN:258,getWikiCloneUrl
FN:267,getProjectInfo
FN:280,listTfvcItems
FN:284,(anonymous_22)
FN:284,(anonymous_23)
FN:301,getTfvcFolderSize
FN:306,(anonymous_25)
FN:307,(anonymous_26)
FN:313,createGitRepo
FN:330,importTfvcToGit
FN:353,getImportStatus
FN:366,deleteGitRepo
FN:373,(anonymous_31)
FN:381,downloadTfvcItems
FN:391,(anonymous_33)
FN:402,escapeWiql
FN:410,bearerFetch
FN:419,(anonymous_36)
FN:433,listOrganizations
FN:449,(anonymous_38)
FN:456,buildAuthenticatedCloneUrl
FN:469,listRepoActivity
FN:473,(anonymous_41)
FN:474,(anonymous_42)
FN:503,checkLfsMarkers
FN:507,(anonymous_44)
FN:508,(anonymous_45)
FN:532,getCommitActivity
FN:546,(anonymous_47)
FN:547,(anonymous_48)
FN:551,getRepoReadme
FN:573,getRepoFullStats
FN:579,(anonymous_51)
FNF:52
FNH:9
FNDA:1,resolvePat
FNDA:2,getHeaders
FNDA:2,azureFetch
FNDA:0,(anonymous_3)
FNDA:0,validatePat
FNDA:0,listProjects
FNDA:0,(anonymous_6)
FNDA:0,listRepos
FNDA:0,(anonymous_8)
FNDA:0,getRepoDetails
FNDA:0,listBranches
FNDA:0,(anonymous_11)
FNDA:0,listWikis
FNDA:0,(anonymous_13)
FNDA:0,getWorkItemCounts
FNDA:0,(anonymous_15)
FNDA:0,previewWorkItems
FNDA:0,(anonymous_17)
FNDA:0,fetchWorkItems
FNDA:0,getWikiCloneUrl
FNDA:0,getProjectInfo
FNDA:0,listTfvcItems
FNDA:0,(anonymous_22)
FNDA:0,(anonymous_23)
FNDA:0,getTfvcFolderSize
FNDA:0,(anonymous_25)
FNDA:0,(anonymous_26)
FNDA:0,createGitRepo
FNDA:0,importTfvcToGit
FNDA:0,getImportStatus
FNDA:0,deleteGitRepo
FNDA:0,(anonymous_31)
FNDA:0,downloadTfvcItems
FNDA:0,(anonymous_33)
FNDA:0,escapeWiql
FNDA:0,bearerFetch
FNDA:0,(anonymous_36)
FNDA:0,listOrganizations
FNDA:0,(anonymous_38)
FNDA:0,buildAuthenticatedCloneUrl
FNDA:2,listRepoActivity
FNDA:3,(anonymous_41)
FNDA:3,(anonymous_42)
FNDA:2,checkLfsMarkers
FNDA:2,(anonymous_44)
FNDA:2,(anonymous_45)
FNDA:0,getCommitActivity
FNDA:0,(anonymous_47)
FNDA:0,(anonymous_48)
FNDA:0,getRepoReadme
FNDA:0,getRepoFullStats
FNDA:0,(anonymous_51)
DA:9,7
DA:10,7
DA:19,1
DA:20,1
DA:21,0
DA:22,0
DA:23,0
DA:25,0
DA:28,1
DA:32,2
DA:33,2
DA:40,2
DA:41,0
DA:44,2
DA:53,2
DA:55,2
DA:56,1
DA:57,0
DA:59,1
DA:60,1
DA:61,1
DA:62,1
DA:63,1
DA:66,1
DA:67,0
DA:70,1
DA:77,0
DA:78,0
DA:81,0
DA:82,0
DA:83,0
DA:84,0
DA:86,0
DA:87,0
DA:89,0
DA:97,0
DA:98,0
DA:99,0
DA:113,0
DA:114,0
DA:115,0
DA:136,0
DA:137,0
DA:138,0
DA:154,0
DA:155,0
DA:156,0
DA:166,0
DA:167,0
DA:168,0
DA:180,0
DA:181,0
DA:182,0
DA:187,0
DA:188,0
DA:191,0
DA:192,0
DA:193,0
DA:194,0
DA:195,0
DA:196,0
DA:197,0
DA:198,0
DA:202,0
DA:209,0
DA:211,0
DA:212,0
DA:213,0
DA:214,0
DA:219,0
DA:220,0
DA:222,0
DA:223,0
DA:224,0
DA:225,0
DA:235,0
DA:242,0
DA:244,0
DA:245,0
DA:246,0
DA:247,0
DA:248,0
DA:249,0
DA:252,0
DA:259,0
DA:260,0
DA:261,0
DA:268,0
DA:269,0
DA:270,0
DA:281,0
DA:282,0
DA:283,0
DA:284,0
DA:302,0
DA:303,0
DA:304,0
DA:305,0
DA:306,0
DA:307,0
DA:314,0
DA:315,0
DA:319,0
DA:331,0
DA:332,0
DA:344,0
DA:354,0
DA:355,0
DA:356,0
DA:367,0
DA:368,0
DA:372,0
DA:373,0
DA:374,0
DA:382,0
DA:383,0
DA:384,0
DA:390,0
DA:391,0
DA:392,0
DA:394,0
DA:403,0
DA:411,0
DA:418,0
DA:419,0
DA:420,0
DA:421,0
DA:422,0
DA:423,0
DA:426,0
DA:435,0
DA:439,0
DA:440,0
DA:441,0
DA:445,0
DA:449,0
DA:457,0
DA:460,0
DA:461,0
DA:470,2
DA:471,2
DA:472,2
DA:474,3
DA:475,3
DA:476,3
DA:477,3
DA:478,2
DA:479,2
DA:480,2
DA:481,1
DA:482,3
DA:483,3
DA:488,1
DA:493,2
DA:504,2
DA:505,2
DA:506,2
DA:508,2
DA:509,2
DA:510,2
DA:511,2
DA:512,2
DA:513,2
DA:519,2
DA:520,1
DA:521,1
DA:523,0
DA:528,2
DA:533,0
DA:534,0
DA:535,0
DA:536,0
DA:537,0
DA:538,0
DA:539,0
DA:540,0
DA:541,0
DA:542,0
DA:543,0
DA:545,0
DA:546,0
DA:547,0
DA:552,0
DA:553,0
DA:554,0
DA:555,0
DA:556,0
DA:557,0
DA:563,0
DA:564,0
DA:565,0
DA:569,0
DA:574,0
DA:575,0
DA:576,0
DA:577,0
DA:578,0
DA:579,0
DA:580,0
LF:199
LH:47
BRDA:19,0,0,0
BRDA:19,0,1,1
BRDA:20,1,0,0
BRDA:20,1,1,1
BRDA:28,2,0,1
BRDA:28,2,1,1
BRDA:39,3,0,2
BRDA:40,4,0,0
BRDA:40,4,1,2
BRDA:53,5,0,2
BRDA:53,5,1,0
BRDA:55,6,0,1
BRDA:55,6,1,1
BRDA:56,7,0,0
BRDA:56,7,1,1
BRDA:60,8,0,1
BRDA:60,8,1,1
BRDA:66,9,0,0
BRDA:66,9,1,1
BRDA:77,10,0,0
BRDA:77,10,1,0
BRDA:77,11,0,0
BRDA:77,11,1,0
BRDA:86,12,0,0
BRDA:86,12,1,0
BRDA:86,13,0,0
BRDA:86,13,1,0
BRDA:99,14,0,0
BRDA:99,14,1,0
BRDA:102,15,0,0
BRDA:102,15,1,0
BRDA:115,16,0,0
BRDA:115,16,1,0
BRDA:118,17,0,0
BRDA:118,17,1,0
BRDA:120,18,0,0
BRDA:120,18,1,0
BRDA:122,19,0,0
BRDA:122,19,1,0
BRDA:123,20,0,0
BRDA:123,20,1,0
BRDA:124,21,0,0
BRDA:124,21,1,0
BRDA:141,22,0,0
BRDA:141,22,1,0
BRDA:143,23,0,0
BRDA:143,23,1,0
BRDA:145,24,0,0
BRDA:145,24,1,0
BRDA:146,25,0,0
BRDA:146,25,1,0
BRDA:156,26,0,0
BRDA:156,26,1,0
BRDA:168,27,0,0
BRDA:168,27,1,0
BRDA:172,28,0,0
BRDA:172,28,1,0
BRDA:187,29,0,0
BRDA:187,29,1,0
BRDA:188,30,0,0
BRDA:188,30,1,0
BRDA:196,31,0,0
BRDA:196,31,1,0
BRDA:197,32,0,0
BRDA:197,32,1,0
BRDA:198,33,0,0
BRDA:198,33,1,0
BRDA:219,34,0,0
BRDA:219,34,1,0
BRDA:220,35,0,0
BRDA:220,35,1,0
BRDA:224,36,0,0
BRDA:224,36,1,0
BRDA:227,37,0,0
BRDA:227,37,1,0
BRDA:228,38,0,0
BRDA:228,38,1,0
BRDA:229,39,0,0
BRDA:229,39,1,0
BRDA:230,40,0,0
BRDA:230,40,1,0
BRDA:242,41,0,0
BRDA:242,41,1,0
BRDA:242,42,0,0
BRDA:242,42,1,0
BRDA:249,43,0,0
BRDA:249,43,1,0
BRDA:261,44,0,0
BRDA:261,44,1,0
BRDA:273,45,0,0
BRDA:273,45,1,0
BRDA:281,46,0,0
BRDA:281,46,1,0
BRDA:284,47,0,0
BRDA:284,47,1,0
BRDA:286,48,0,0
BRDA:286,48,1,0
BRDA:287,49,0,0
BRDA:287,49,1,0
BRDA:288,50,0,0
BRDA:288,50,1,0
BRDA:289,51,0,0
BRDA:289,51,1,0
BRDA:302,52,0,0
BRDA:302,52,1,0
BRDA:305,53,0,0
BRDA:305,53,1,0
BRDA:307,54,0,0
BRDA:307,54,1,0
BRDA:330,55,0,0
BRDA:339,56,0,0
BRDA:339,56,1,0
BRDA:346,57,0,0
BRDA:346,57,1,0
BRDA:358,58,0,0
BRDA:358,58,1,0
BRDA:359,59,0,0
BRDA:359,59,1,0
BRDA:372,60,0,0
BRDA:372,60,1,0
BRDA:372,61,0,0
BRDA:372,61,1,0
BRDA:374,62,0,0
BRDA:374,62,1,0
BRDA:382,63,0,0
BRDA:382,63,1,0
BRDA:390,64,0,0
BRDA:390,64,1,0
BRDA:392,65,0,0
BRDA:392,65,1,0
BRDA:418,66,0,0
BRDA:418,66,1,0
BRDA:420,67,0,0
BRDA:420,67,1,0
BRDA:439,68,0,0
BRDA:439,68,1,0
BRDA:440,69,0,0
BRDA:440,69,1,0
BRDA:449,70,0,0
BRDA:449,70,1,0
BRDA:449,70,2,0
BRDA:452,71,0,0
BRDA:452,71,1,0
BRDA:457,72,0,0
BRDA:457,72,1,0
BRDA:457,73,0,0
BRDA:457,73,1,0
BRDA:476,74,0,3
BRDA:476,74,1,1
BRDA:477,75,0,1
BRDA:477,75,1,2
BRDA:477,76,0,3
BRDA:477,76,1,3
BRDA:481,77,0,1
BRDA:481,77,1,0
BRDA:484,78,0,3
BRDA:484,78,1,0
BRDA:485,79,0,3
BRDA:485,79,1,0
BRDA:510,80,0,0
BRDA:510,80,1,2
BRDA:519,81,0,1
BRDA:519,81,1,1
BRDA:532,82,0,0
BRDA:535,83,0,0
BRDA:535,83,1,0
BRDA:535,84,0,0
BRDA:535,84,1,0
BRDA:539,85,0,0
BRDA:539,85,1,0
BRDA:540,86,0,0
BRDA:540,86,1,0
BRDA:541,87,0,0
BRDA:541,87,1,0
BRDA:543,88,0,0
BRDA:543,88,1,0
BRDA:555,89,0,0
BRDA:555,89,1,0
BRDA:563,90,0,0
BRDA:563,90,1,0
BRDA:574,91,0,0
BRDA:574,91,1,0
BRDA:574,92,0,0
BRDA:574,92,1,0
BRDA:578,93,0,0
BRDA:578,93,1,0
BRDA:579,94,0,0
BRDA:579,94,1,0
BRF:188
BRH:25
end_of_record
TN:
SF:server\check-native-modules.js
FN:21,out
FN:26,_getModuleABI
FN:52,checkNativeModules
FN:101,rebuildModules
FN:126,(anonymous_4)
FN:126,(anonymous_5)
FNF:6
FNH:0
FNDA:0,out
FNDA:0,_getModuleABI
FNDA:0,checkNativeModules
FNDA:0,rebuildModules
FNDA:0,(anonymous_4)
FNDA:0,(anonymous_5)
DA:15,0
DA:16,0
DA:19,0
DA:21,0
DA:27,0
DA:28,0
DA:29,0
DA:32,0
DA:34,0
DA:35,0
DA:39,0
DA:41,0
DA:42,0
DA:43,0
DA:45,0
DA:53,0
DA:54,0
DA:55,0
DA:57,0
DA:58,0
DA:60,0
DA:61,0
DA:63,0
DA:64,0
DA:65,0
DA:66,0
DA:69,0
DA:71,0
DA:76,0
DA:78,0
DA:80,0
DA:81,0
DA:82,0
DA:83,0
DA:85,0
DA:86,0
DA:87,0
DA:89,0
DA:90,0
DA:95,0
DA:102,0
DA:104,0
DA:105,0
DA:106,0
DA:107,0
DA:111,0
DA:113,0
DA:114,0
DA:115,0
DA:116,0
DA:119,0
DA:123,0
DA:125,0
DA:126,0
DA:128,0
DA:129,0
DA:130,0
DA:133,0
DA:134,0
DA:135,0
DA:137,0
DA:138,0
DA:139,0
DA:140,0
DA:141,0
DA:145,0
LF:66
LH:0
BRDA:28,0,0,0
BRDA:28,0,1,0
BRDA:42,1,0,0
BRDA:42,1,1,0
BRDA:63,2,0,0
BRDA:63,2,1,0
BRDA:78,3,0,0
BRDA:78,3,1,0
BRDA:78,3,2,0
BRDA:80,4,0,0
BRDA:80,4,1,0
BRDA:82,5,0,0
BRDA:82,5,1,0
BRDA:83,6,0,0
BRDA:83,6,1,0
BRDA:125,7,0,0
BRDA:125,7,1,0
BRDA:128,8,0,0
BRDA:128,8,1,0
BRDA:133,9,0,0
BRDA:133,9,1,0
BRDA:135,10,0,0
BRDA:135,10,1,0
BRF:23
BRH:0
end_of_record
TN:
SF:server\community-health-service.js
FN:9,(anonymous_0)
FN:25,(anonymous_1)
FN:30,(anonymous_2)
FN:37,(anonymous_3)
FN:56,(anonymous_4)
FN:86,(anonymous_5)
FN:87,(anonymous_6)
FN:91,(anonymous_7)
FN:126,(anonymous_8)
FN:167,(anonymous_9)
FN:180,(anonymous_10)
FNF:11
FNH:0
FNDA:0,(anonymous_0)
FNDA:0,(anonymous_1)
FNDA:0,(anonymous_2)
FNDA:0,(anonymous_3)
FNDA:0,(anonymous_4)
FNDA:0,(anonymous_5)
FNDA:0,(anonymous_6)
FNDA:0,(anonymous_7)
FNDA:0,(anonymous_8)
FNDA:0,(anonymous_9)
FNDA:0,(anonymous_10)
DA:10,0
DA:11,0
DA:12,0
DA:14,0
DA:20,0
DA:22,0
DA:26,0
DA:27,0
DA:31,0
DA:36,0
DA:38,0
DA:39,0
DA:43,0
DA:44,0
DA:45,0
DA:46,0
DA:47,0
DA:49,0
DA:53,0
DA:57,0
DA:58,0
DA:59,0
DA:60,0
DA:62,0
DA:65,0
DA:66,0
DA:67,0
DA:68,0
DA:69,0
DA:70,0
DA:72,0
DA:75,0
DA:76,0
DA:77,0
DA:78,0
DA:80,0
DA:83,0
DA:86,0
DA:87,0
DA:92,0
DA:95,0
DA:96,0
DA:97,0
DA:98,0
DA:101,0
DA:102,0
DA:105,0
DA:106,0
DA:109,0
DA:110,0
DA:112,0
DA:113,0
DA:114,0
DA:117,0
DA:118,0
DA:119,0
DA:120,0
DA:121,0
DA:123,0
DA:127,0
DA:129,0
DA:130,0
DA:131,0
DA:132,0
DA:135,0
DA:136,0
DA:139,0
DA:140,0
DA:143,0
DA:144,0
DA:147,0
DA:148,0
DA:151,0
DA:152,0
DA:155,0
DA:156,0
DA:159,0
DA:160,0
DA:163,0
DA:164,0
DA:167,0
DA:168,0
DA:169,0
DA:181,0
DA:192,0
DA:203,1
LF:86
LH:1
BRDA:39,0,0,0
BRDA:39,0,1,0
BRDA:46,1,0,0
BRDA:46,1,1,0
BRDA:84,2,0,0
BRDA:84,2,1,0
BRDA:85,3,0,0
BRDA:85,3,1,0
BRDA:86,4,0,0
BRDA:86,4,1,0
BRDA:86,5,0,0
BRDA:86,5,1,0
BRDA:87,6,0,0
BRDA:87,6,1,0
BRDA:87,7,0,0
BRDA:87,7,1,0
BRDA:95,8,0,0
BRDA:95,8,1,0
BRDA:96,9,0,0
BRDA:96,9,1,0
BRDA:97,10,0,0
BRDA:97,10,1,0
BRDA:98,11,0,0
BRDA:98,11,1,0
BRDA:101,12,0,0
BRDA:101,12,1,0
BRDA:102,13,0,0
BRDA:102,13,1,0
BRDA:105,14,0,0
BRDA:105,14,1,0
BRDA:106,15,0,0
BRDA:106,15,1,0
BRDA:109,16,0,0
BRDA:109,16,1,0
BRDA:110,17,0,0
BRDA:110,17,1,0
BRDA:113,18,0,0
BRDA:113,18,1,0
BRDA:117,19,0,0
BRDA:117,19,1,0
BRDA:118,20,0,0
BRDA:118,20,1,0
BRDA:118,21,0,0
BRDA:118,21,1,0
BRDA:119,22,0,0
BRDA:119,22,1,0
BRDA:120,23,0,0
BRDA:120,23,1,0
BRDA:121,24,0,0
BRDA:121,24,1,0
BRDA:129,25,0,0
BRDA:129,25,1,0
BRDA:131,26,0,0
BRDA:131,26,1,0
BRDA:135,27,0,0
BRDA:135,27,1,0
BRDA:139,28,0,0
BRDA:139,28,1,0
BRDA:143,29,0,0
BRDA:143,29,1,0
BRDA:147,30,0,0
BRDA:147,30,1,0
BRDA:151,31,0,0
BRDA:151,31,1,0
BRDA:155,32,0,0
BRDA:155,32,1,0
BRDA:159,33,0,0
BRDA:159,33,1,0
BRDA:163,34,0,0
BRDA:163,34,1,0
BRDA:180,35,0,0
BRF:71
BRH:0
end_of_record
TN:
SF:server\config.js
FN:81,loadConfig
FNF:1
FNH:1
FNDA:30,loadConfig
DA:3,30
DA:5,30
DA:82,30
DA:118,30
DA:119,0
DA:120,0
DA:125,30
DA:126,30
DA:127,0
DA:130,30
DA:133,30
LF:11
LH:8
BRDA:118,0,0,0
BRDA:118,0,1,30
BRDA:126,1,0,0
BRDA:126,1,1,30
BRDA:126,2,0,30
BRDA:126,2,1,0
BRF:6
BRH:3
end_of_record
TN:
SF:server\db.js
FN:22,initDB
FN:26,(anonymous_1)
FN:34,(anonymous_2)
FN:863,seedMockData
FN:883,(anonymous_4)
FN:891,(anonymous_5)
FN:908,(anonymous_6)
FN:922,(anonymous_7)
FNF:8
FNH:2
FNDA:10,initDB
FNDA:10,(anonymous_1)
FNDA:0,(anonymous_2)
FNDA:0,seedMockData
FNDA:0,(anonymous_4)
FNDA:0,(anonymous_5)
FNDA:0,(anonymous_6)
FNDA:0,(anonymous_7)
DA:1,3
DA:6,42
DA:20,42
DA:25,10
DA:26,10
DA:29,10
DA:30,10
DA:31,10
DA:32,50
DA:33,50
DA:34,50
DA:35,50
DA:37,0
DA:41,10
DA:53,10
DA:65,10
DA:78,10
DA:92,10
DA:102,10
DA:117,10
DA:128,10
DA:152,10
DA:173,10
DA:174,10
DA:175,10
DA:176,10
DA:177,10
DA:178,10
DA:179,10
DA:180,10
DA:181,10
DA:184,10
DA:196,10
DA:197,10
DA:198,10
DA:199,10
DA:202,10
DA:222,10
DA:223,10
DA:226,10
DA:248,10
DA:249,10
DA:250,10
DA:253,10
DA:276,10
DA:277,10
DA:280,10
DA:290,10
DA:291,10
DA:294,10
DA:308,10
DA:309,10
DA:310,10
DA:311,10
DA:314,10
DA:331,10
DA:332,10
DA:335,10
DA:352,10
DA:360,10
DA:363,10
DA:374,10
DA:377,10
DA:393,10
DA:394,10
DA:397,10
DA:411,10
DA:417,10
DA:484,10
DA:504,10
DA:505,10
DA:508,10
DA:524,10
DA:527,10
DA:542,10
DA:545,10
DA:558,10
DA:561,10
DA:562,10
DA:565,10
DA:566,10
DA:567,10
DA:568,10
DA:569,10
DA:570,10
DA:571,10
DA:576,10
DA:577,10
DA:580,10
DA:583,10
DA:584,10
DA:586,10
DA:592,10
DA:593,10
DA:596,0
DA:598,10
DA:602,10
DA:603,10
DA:605,10
DA:607,10
DA:608,10
DA:610,10
DA:615,10
DA:616,10
DA:618,0
DA:620,10
DA:621,10
DA:623,0
DA:630,10
DA:637,10
DA:646,10
DA:647,10
DA:649,0
DA:653,10
DA:669,10
DA:672,10
DA:673,10
DA:675,0
DA:679,10
DA:680,10
DA:682,10
DA:686,10
DA:698,10
DA:701,10
DA:713,10
DA:716,10
DA:728,10
DA:733,10
DA:748,10
DA:758,10
DA:771,10
DA:774,10
DA:803,10
DA:805,10
DA:807,10
DA:809,10
DA:811,10
DA:813,10
DA:822,10
DA:823,10
DA:825,0
DA:831,10
DA:843,10
DA:850,10
DA:851,10
DA:853,0
DA:856,10
DA:864,0
DA:867,0
DA:868,0
DA:869,0
DA:875,0
DA:876,0
DA:877,0
DA:878,0
DA:881,0
DA:883,0
DA:885,0
DA:891,0
DA:892,0
DA:893,0
DA:894,0
DA:897,0
DA:902,0
DA:908,0
DA:909,0
DA:916,0
DA:922,0
DA:923,0
DA:929,0
DA:930,0
LF:171
LH:139
BRDA:22,0,0,10
BRDA:32,1,0,0
BRDA:32,1,1,50
BRDA:35,2,0,0
BRDA:35,2,1,50
BRDA:35,3,0,50
BRDA:35,3,1,50
BRDA:586,4,0,0
BRDA:586,4,1,10
BRDA:596,5,0,0
BRDA:596,5,1,0
BRDA:605,6,0,0
BRDA:605,6,1,10
BRDA:610,7,0,0
BRDA:610,7,1,10
BRDA:618,8,0,0
BRDA:618,8,1,0
BRDA:623,9,0,0
BRDA:623,9,1,0
BRDA:649,10,0,0
BRDA:649,10,1,0
BRDA:675,11,0,0
BRDA:675,11,1,0
BRDA:682,12,0,0
BRDA:682,12,1,10
BRDA:825,13,0,0
BRDA:825,13,1,0
BRDA:853,14,0,0
BRDA:853,14,1,0
BRDA:868,15,0,0
BRDA:868,15,1,0
BRDA:876,16,0,0
BRDA:876,16,1,0
BRF:33
BRH:9
end_of_record
TN:
SF:server\import-service.js
FN:29,checkGitInstalled
FN:42,validateSourceUrl
FN:75,sanitizeRepoName
FN:89,embedCredentials
FN:119,safeUrl
FN:136,importRepository
FN:146,(anonymous_6)
FN:188,(anonymous_7)
FNF:8
FNH:0
FNDA:0,checkGitInstalled
FNDA:0,validateSourceUrl
FNDA:0,sanitizeRepoName
FNDA:0,embedCredentials
FNDA:0,safeUrl
FNDA:0,importRepository
FNDA:0,(anonymous_6)
FNDA:0,(anonymous_7)
DA:16,1
DA:17,1
DA:18,1
DA:19,1
DA:22,1
DA:23,0
DA:30,0
DA:31,0
DA:32,0
DA:33,0
DA:35,0
DA:44,0
DA:45,0
DA:49,0
DA:50,0
DA:51,0
DA:54,0
DA:55,0
DA:56,0
DA:57,0
DA:58,0
DA:60,0
DA:61,0
DA:62,0
DA:64,0
DA:65,0
DA:67,0
DA:76,0
DA:77,0
DA:90,0
DA:92,0
DA:98,0
DA:100,0
DA:103,0
DA:104,0
DA:106,0
DA:109,0
DA:112,0
DA:120,0
DA:147,0
DA:149,0
DA:150,0
DA:151,0
DA:153,0
DA:155,0
DA:157,0
DA:158,0
DA:159,0
DA:160,0
DA:161,0
DA:165,0
DA:167,0
DA:171,0
DA:187,0
DA:188,0
DA:189,0
DA:190,0
DA:192,0
DA:195,0
DA:196,0
DA:199,0
DA:201,0
DA:202,0
DA:203,0
DA:206,0
DA:207,0
DA:210,0
DA:211,0
DA:212,0
DA:213,0
DA:214,0
DA:216,0
DA:222,0
DA:223,0
DA:224,0
DA:225,0
DA:226,0
DA:233,0
DA:238,0
DA:240,0
DA:241,0
DA:242,0
DA:243,0
DA:246,0
DA:247,0
DA:248,0
DA:249,0
DA:251,0
DA:256,0
DA:257,0
DA:259,0
DA:261,0
DA:270,0
DA:275,0
DA:282,0
DA:283,0
DA:284,0
DA:287,0
LF:98
LH:5
BRDA:22,0,0,0
BRDA:22,0,1,1
BRDA:33,1,0,0
BRDA:33,1,1,0
BRDA:44,2,0,0
BRDA:44,2,1,0
BRDA:50,3,0,0
BRDA:50,3,1,0
BRDA:54,4,0,0
BRDA:54,4,1,0
BRDA:60,5,0,0
BRDA:60,5,1,0
BRDA:61,6,0,0
BRDA:61,6,1,0
BRDA:61,7,0,0
BRDA:61,7,1,0
BRDA:61,7,2,0
BRDA:64,8,0,0
BRDA:64,8,1,0
BRDA:64,9,0,0
BRDA:64,9,1,0
BRDA:76,10,0,0
BRDA:76,10,1,0
BRDA:90,11,0,0
BRDA:90,11,1,0
BRDA:100,12,0,0
BRDA:100,12,1,0
BRDA:100,12,2,0
BRDA:100,12,3,0
BRDA:103,13,0,0
BRDA:103,13,1,0
BRDA:142,14,0,0
BRDA:143,15,0,0
BRDA:146,16,0,0
BRDA:157,17,0,0
BRDA:157,17,1,0
BRDA:160,18,0,0
BRDA:160,18,1,0
BRDA:167,19,0,0
BRDA:167,19,1,0
BRDA:181,20,0,0
BRDA:181,20,1,0
BRDA:187,21,0,0
BRDA:187,21,1,0
BRDA:189,22,0,0
BRDA:189,22,1,0
BRDA:189,23,0,0
BRDA:189,23,1,0
BRDA:190,24,0,0
BRDA:190,24,1,0
BRDA:192,25,0,0
BRDA:192,25,1,0
BRDA:207,26,0,0
BRDA:207,26,1,0
BRDA:210,27,0,0
BRDA:210,27,1,0
BRDA:222,28,0,0
BRDA:222,28,1,0
BRDA:246,29,0,0
BRDA:246,29,1,0
BRDA:278,30,0,0
BRDA:278,30,1,0
BRDA:283,31,0,0
BRDA:283,31,1,0
BRF:64
BRH:1
end_of_record
TN:
SF:server\index.js
FN:54,(anonymous_0)
FN:57,(anonymous_1)
FN:110,(anonymous_2)
FN:154,(anonymous_3)
FN:246,(anonymous_4)
FN:255,(anonymous_5)
FN:288,(anonymous_6)
FN:307,(anonymous_7)
FN:318,(anonymous_8)
FN:332,(anonymous_9)
FN:345,gracefulShutdown
FN:351,(anonymous_11)
FN:351,(anonymous_12)
FN:353,(anonymous_13)
FN:419,(anonymous_14)
FN:425,(anonymous_15)
FN:426,(anonymous_16)
FNF:17
FNH:0
FNDA:0,(anonymous_0)
FNDA:0,(anonymous_1)
FNDA:0,(anonymous_2)
FNDA:0,(anonymous_3)
FNDA:0,(anonymous_4)
FNDA:0,(anonymous_5)
FNDA:0,(anonymous_6)
FNDA:0,(anonymous_7)
FNDA:0,(anonymous_8)
FNDA:0,(anonymous_9)
FNDA:0,gracefulShutdown
FNDA:0,(anonymous_11)
FNDA:0,(anonymous_12)
FNDA:0,(anonymous_13)
FNDA:0,(anonymous_14)
FNDA:0,(anonymous_15)
FNDA:0,(anonymous_16)
DA:20,0
DA:21,0
DA:24,0
DA:25,0
DA:46,0
DA:52,0
DA:53,0
DA:54,0
DA:55,0
DA:57,0
DA:60,0
DA:63,0
DA:64,0
DA:67,0
DA:70,0
DA:71,0
DA:75,0
DA:76,0
DA:77,0
DA:79,0
DA:84,0
DA:85,0
DA:86,0
DA:87,0
DA:90,0
DA:91,0
DA:92,0
DA:93,0
DA:97,0
DA:98,0
DA:99,0
DA:101,0
DA:102,0
DA:105,0
DA:106,0
DA:110,0
DA:111,0
DA:112,0
DA:113,0
DA:117,0
DA:131,0
DA:137,0
DA:140,0
DA:143,0
DA:144,0
DA:147,0
DA:148,0
DA:150,0
DA:151,0
DA:154,0
DA:155,0
DA:156,0
DA:157,0
DA:159,0
DA:168,0
DA:175,0
DA:179,0
DA:182,0
DA:189,0
DA:205,0
DA:206,0
DA:207,0
DA:208,0
DA:209,0
DA:210,0
DA:214,0
DA:215,0
DA:216,0
DA:219,0
DA:224,0
DA:229,0
DA:233,0
DA:238,0
DA:241,0
DA:242,0
DA:246,0
DA:248,0
DA:249,0
DA:254,0
DA:255,0
DA:256,0
DA:262,0
DA:263,0
DA:265,0
DA:266,0
DA:268,0
DA:269,0
DA:271,0
DA:279,0
DA:281,0
DA:284,0
DA:285,0
DA:286,0
DA:287,0
DA:288,0
DA:289,0
DA:290,0
DA:292,0
DA:301,0
DA:307,0
DA:308,0
DA:309,0
DA:318,0
DA:319,0
DA:323,0
DA:324,0
DA:327,0
DA:330,0
DA:332,0
DA:333,0
DA:334,0
DA:335,0
DA:337,0
DA:346,0
DA:351,0
DA:353,0
DA:354,0
DA:356,0
DA:359,0
DA:362,0
DA:364,0
DA:366,0
DA:369,0
DA:372,0
DA:373,0
DA:375,0
DA:378,0
DA:379,0
DA:381,0
DA:384,0
DA:385,0
DA:387,0
DA:390,0
DA:391,0
DA:393,0
DA:396,0
DA:397,0
DA:399,0
DA:402,0
DA:403,0
DA:405,0
DA:408,0
DA:409,0
DA:411,0
DA:414,0
DA:415,0
DA:419,0
DA:420,0
DA:421,0
DA:425,0
DA:426,0
LF:151
LH:0
BRDA:53,0,0,0
BRDA:53,0,1,0
BRDA:63,1,0,0
BRDA:63,1,1,0
BRDA:70,2,0,0
BRDA:70,2,1,0
BRDA:75,3,0,0
BRDA:75,3,1,0
BRDA:85,4,0,0
BRDA:85,4,1,0
BRDA:85,5,0,0
BRDA:85,5,1,0
BRDA:90,6,0,0
BRDA:90,6,1,0
BRDA:90,7,0,0
BRDA:90,7,1,0
BRDA:92,8,0,0
BRDA:92,8,1,0
BRDA:97,9,0,0
BRDA:97,9,1,0
BRDA:97,10,0,0
BRDA:97,10,1,0
BRDA:101,11,0,0
BRDA:101,11,1,0
BRDA:101,12,0,0
BRDA:101,12,1,0
BRDA:105,13,0,0
BRDA:105,13,1,0
BRDA:105,14,0,0
BRDA:105,14,1,0
BRDA:111,15,0,0
BRDA:111,15,1,0
BRDA:118,16,0,0
BRDA:118,16,1,0
BRDA:129,17,0,0
BRDA:129,17,1,0
BRDA:132,18,0,0
BRDA:132,18,1,0
BRDA:155,19,0,0
BRDA:155,19,1,0
BRDA:157,20,0,0
BRDA:157,20,1,0
BRDA:179,21,0,0
BRDA:179,21,1,0
BRDA:205,22,0,0
BRDA:205,22,1,0
BRDA:210,23,0,0
BRDA:210,23,1,0
BRDA:268,24,0,0
BRDA:268,24,1,0
BRDA:284,25,0,0
BRDA:284,25,1,0
BRDA:286,26,0,0
BRDA:286,26,1,0
BRDA:289,27,0,0
BRDA:289,27,1,0
BRDA:309,28,0,0
BRDA:309,28,1,0
BRDA:333,29,0,0
BRDA:333,29,1,0
BRF:60
BRH:0
end_of_record
TN:
SF:server\migration-engine.js
FN:13,(anonymous_0)
FN:32,(anonymous_1)
FN:33,(anonymous_2)
FN:76,(anonymous_3)
FN:81,(anonymous_4)
FN:133,(anonymous_5)
FN:156,(anonymous_6)
FN:157,(anonymous_7)
FN:179,(anonymous_8)
FN:213,(anonymous_9)
FN:223,(anonymous_10)
FN:236,(anonymous_11)
FN:268,(anonymous_12)
FN:285,(anonymous_13)
FN:337,(anonymous_14)
FN:346,(anonymous_15)
FN:369,(anonymous_16)
FN:370,(anonymous_17)
FN:371,(anonymous_18)
FN:389,(anonymous_19)
FN:414,(anonymous_20)
FN:433,(anonymous_21)
FN:454,(anonymous_22)
FN:497,(anonymous_23)
FN:503,(anonymous_24)
FN:504,(anonymous_25)
FN:523,(anonymous_26)
FN:548,(anonymous_27)
FN:581,(anonymous_28)
FN:614,(anonymous_29)
FN:640,(anonymous_30)
FN:679,(anonymous_31)
FN:693,(anonymous_32)
FN:713,(anonymous_33)
FN:724,(anonymous_34)
FN:736,(anonymous_35)
FN:737,(anonymous_36)
FN:751,(anonymous_37)
FN:758,(anonymous_38)
FN:768,(anonymous_39)
FN:779,(anonymous_40)
FN:806,(anonymous_41)
FN:807,(anonymous_42)
FN:818,(anonymous_43)
FN:823,(anonymous_44)
FN:825,(anonymous_45)
FN:838,(anonymous_46)
FN:850,(anonymous_47)
FN:862,(anonymous_48)
FNF:49
FNH:30
FNDA:47,(anonymous_0)
FNDA:39,(anonymous_1)
FNDA:39,(anonymous_2)
FNDA:0,(anonymous_3)
FNDA:0,(anonymous_4)
FNDA:4,(anonymous_5)
FNDA:3,(anonymous_6)
FNDA:3,(anonymous_7)
FNDA:29,(anonymous_8)
FNDA:4,(anonymous_9)
FNDA:2,(anonymous_10)
FNDA:10,(anonymous_11)
FNDA:26,(anonymous_12)
FNDA:15,(anonymous_13)
FNDA:0,(anonymous_14)
FNDA:11,(anonymous_15)
FNDA:15,(anonymous_16)
FNDA:15,(anonymous_17)
FNDA:15,(anonymous_18)
FNDA:4,(anonymous_19)
FNDA:3,(anonymous_20)
FNDA:1,(anonymous_21)
FNDA:3,(anonymous_22)
FNDA:3,(anonymous_23)
FNDA:8,(anonymous_24)
FNDA:4,(anonymous_25)
FNDA:3,(anonymous_26)
FNDA:1,(anonymous_27)
FNDA:0,(anonymous_28)
FNDA:0,(anonymous_29)
FNDA:0,(anonymous_30)
FNDA:0,(anonymous_31)
FNDA:0,(anonymous_32)
FNDA:0,(anonymous_33)
FNDA:0,(anonymous_34)
FNDA:47,(anonymous_35)
FNDA:0,(anonymous_36)
FNDA:2,(anonymous_37)
FNDA:49,(anonymous_38)
FNDA:68,(anonymous_39)
FNDA:0,(anonymous_40)
FNDA:0,(anonymous_41)
FNDA:0,(anonymous_42)
FNDA:0,(anonymous_43)
FNDA:0,(anonymous_44)
FNDA:0,(anonymous_45)
FNDA:0,(anonymous_46)
FNDA:0,(anonymous_47)
FNDA:12,(anonymous_48)
DA:14,47
DA:15,47
DA:16,47
DA:17,47
DA:18,47
DA:19,47
DA:20,47
DA:21,47
DA:33,39
DA:34,39
DA:46,39
DA:48,39
DA:53,39
DA:54,47
DA:55,47
DA:65,39
DA:68,39
DA:77,0
DA:78,0
DA:79,0
DA:81,0
DA:83,0
DA:84,0
DA:85,0
DA:105,0
DA:106,0
DA:107,0
DA:111,0
DA:112,0
DA:113,0
DA:125,0
DA:134,4
DA:135,4
DA:137,4
DA:138,4
DA:139,1
DA:142,3
DA:144,3
DA:145,1
DA:148,3
DA:149,3
DA:150,0
DA:155,3
DA:156,3
DA:157,3
DA:159,3
DA:160,3
DA:161,3
DA:162,1
DA:164,3
DA:167,3
DA:180,29
DA:181,29
DA:182,3
DA:186,26
DA:187,0
DA:189,26
DA:190,8
DA:193,26
DA:197,26
DA:198,37
DA:199,37
DA:201,37
DA:202,10
DA:206,26
DA:214,4
DA:215,4
DA:216,0
DA:219,4
DA:220,2
DA:223,2
DA:224,2
DA:225,2
DA:228,2
DA:237,10
DA:238,10
DA:239,0
DA:243,10
DA:244,0
DA:248,10
DA:249,9
DA:252,9
DA:256,10
DA:261,10
DA:262,10
DA:265,10
DA:266,10
DA:268,10
DA:269,26
DA:270,26
DA:272,26
DA:273,16
DA:274,16
DA:275,16
DA:276,16
DA:277,15
DA:278,15
DA:279,15
DA:282,11
DA:285,10
DA:286,15
DA:291,15
DA:294,15
DA:296,15
DA:298,12
DA:300,12
DA:303,15
DA:304,15
DA:306,3
DA:308,3
DA:311,3
DA:312,3
DA:314,15
DA:315,15
DA:316,15
DA:326,10
DA:327,10
DA:328,11
DA:329,11
DA:332,11
DA:333,11
DA:334,15
DA:335,15
DA:336,15
DA:338,0
DA:341,15
DA:344,11
DA:346,11
DA:349,0
DA:357,10
DA:360,10
DA:363,10
DA:367,10
DA:369,15
DA:370,15
DA:371,15
DA:374,10
DA:376,10
DA:379,10
DA:380,10
DA:381,10
DA:382,10
DA:390,4
DA:391,4
DA:392,0
DA:395,4
DA:397,4
DA:402,4
DA:406,4
DA:407,4
DA:415,3
DA:416,3
DA:417,0
DA:420,3
DA:422,3
DA:426,3
DA:434,1
DA:435,1
DA:436,0
DA:438,1
DA:439,0
DA:442,1
DA:446,1
DA:455,3
DA:456,3
DA:457,0
DA:459,3
DA:460,1
DA:463,2
DA:466,2
DA:467,0
DA:469,2
DA:470,1
DA:474,1
DA:477,1
DA:480,1
DA:483,1
DA:484,1
DA:485,1
DA:488,1
DA:498,3
DA:500,3
DA:501,3
DA:502,3
DA:503,8
DA:504,4
DA:508,3
DA:509,3
DA:510,3
DA:513,3
DA:514,0
DA:520,3
DA:521,3
DA:522,3
DA:523,3
DA:524,3
DA:529,3
DA:530,3
DA:531,2
DA:532,2
DA:533,1
DA:536,2
DA:538,2
DA:543,2
DA:544,1
DA:547,1
DA:548,1
DA:549,1
DA:551,1
DA:552,1
DA:561,0
DA:564,0
DA:565,0
DA:566,0
DA:567,0
DA:569,0
DA:581,0
DA:586,0
DA:587,0
DA:589,0
DA:593,0
DA:594,0
DA:595,0
DA:596,0
DA:597,0
DA:598,0
DA:600,0
DA:602,0
DA:603,0
DA:604,0
DA:606,0
DA:607,0
DA:608,0
DA:611,0
DA:612,0
DA:613,0
DA:614,0
DA:615,0
DA:616,0
DA:617,0
DA:618,0
DA:619,0
DA:622,0
DA:624,0
DA:625,0
DA:626,0
DA:628,0
DA:640,0
DA:645,0
DA:646,0
DA:650,0
DA:651,0
DA:653,0
DA:656,0
DA:657,0
DA:659,0
DA:663,0
DA:673,0
DA:679,0
DA:683,0
DA:694,0
DA:695,0
DA:701,0
DA:702,0
DA:705,0
DA:714,0
DA:718,0
DA:722,0
DA:723,0
DA:724,0
DA:725,0
DA:737,47
DA:738,0
DA:739,0
DA:741,0
DA:752,2
DA:759,49
DA:760,49
DA:769,68
DA:782,0
DA:783,0
DA:786,0
DA:793,0
DA:794,0
DA:798,0
DA:799,0
DA:802,0
DA:803,0
DA:804,0
DA:806,0
DA:807,0
DA:808,0
DA:809,0
DA:810,0
DA:813,0
DA:814,0
DA:818,0
DA:819,0
DA:823,0
DA:824,0
DA:825,0
DA:826,0
DA:839,0
DA:840,0
DA:841,0
DA:851,0
DA:852,0
DA:863,12
DA:864,12
DA:867,12
DA:870,12
DA:871,6
DA:874,6
LF:313
LH:193
BRDA:32,0,0,39
BRDA:42,1,0,39
BRDA:42,1,1,39
BRDA:43,2,0,3
BRDA:43,2,1,36
BRDA:60,3,0,47
BRDA:60,3,1,0
BRDA:61,4,0,47
BRDA:61,4,1,0
BRDA:78,5,0,0
BRDA:78,5,1,0
BRDA:79,6,0,0
BRDA:79,6,1,0
BRDA:83,7,0,0
BRDA:83,7,1,0
BRDA:83,8,0,0
BRDA:83,8,1,0
BRDA:83,8,2,0
BRDA:84,9,0,0
BRDA:84,9,1,0
BRDA:95,10,0,0
BRDA:95,10,1,0
BRDA:96,11,0,0
BRDA:96,11,1,0
BRDA:97,12,0,0
BRDA:97,12,1,0
BRDA:98,13,0,0
BRDA:98,13,1,0
BRDA:98,14,0,0
BRDA:98,14,1,0
BRDA:99,15,0,0
BRDA:99,15,1,0
BRDA:99,16,0,0
BRDA:99,16,1,0
BRDA:105,17,0,0
BRDA:105,17,1,0
BRDA:118,18,0,0
BRDA:118,18,1,0
BRDA:119,19,0,0
BRDA:119,19,1,0
BRDA:138,20,0,1
BRDA:138,20,1,3
BRDA:144,21,0,1
BRDA:144,21,1,2
BRDA:149,22,0,0
BRDA:149,22,1,3
BRDA:149,23,0,3
BRDA:149,23,1,3
BRDA:161,24,0,1
BRDA:161,24,1,2
BRDA:181,25,0,3
BRDA:181,25,1,26
BRDA:186,26,0,0
BRDA:186,26,1,26
BRDA:189,27,0,8
BRDA:189,27,1,18
BRDA:198,28,0,37
BRDA:198,28,1,0
BRDA:201,29,0,10
BRDA:201,29,1,27
BRDA:215,30,0,0
BRDA:215,30,1,4
BRDA:219,31,0,2
BRDA:219,31,1,2
BRDA:219,32,0,4
BRDA:219,32,1,3
BRDA:236,33,0,10
BRDA:238,34,0,0
BRDA:238,34,1,10
BRDA:243,35,0,0
BRDA:243,35,1,10
BRDA:243,36,0,10
BRDA:243,36,1,2
BRDA:243,36,2,1
BRDA:248,37,0,9
BRDA:248,37,1,1
BRDA:269,38,0,0
BRDA:269,38,1,26
BRDA:270,39,0,0
BRDA:270,39,1,26
BRDA:274,40,0,16
BRDA:274,40,1,0
BRDA:275,41,0,16
BRDA:275,41,1,12
BRDA:276,42,0,15
BRDA:276,42,1,1
BRDA:278,43,0,15
BRDA:278,43,1,12
BRDA:298,44,0,0
BRDA:298,44,1,12
BRDA:302,45,0,12
BRDA:302,45,1,0
BRDA:306,46,0,0
BRDA:306,46,1,3
BRDA:314,47,0,15
BRDA:314,47,1,0
BRDA:327,48,0,10
BRDA:327,48,1,10
BRDA:328,49,0,0
BRDA:328,49,1,11
BRDA:329,50,0,0
BRDA:329,50,1,11
BRDA:344,51,0,11
BRDA:344,51,1,0
BRDA:360,52,0,0
BRDA:360,52,1,10
BRDA:360,53,0,10
BRDA:360,53,1,10
BRDA:374,54,0,3
BRDA:374,54,1,7
BRDA:391,55,0,0
BRDA:391,55,1,4
BRDA:416,56,0,0
BRDA:416,56,1,3
BRDA:433,57,0,1
BRDA:435,58,0,0
BRDA:435,58,1,1
BRDA:438,59,0,0
BRDA:438,59,1,1
BRDA:454,60,0,3
BRDA:456,61,0,0
BRDA:456,61,1,3
BRDA:459,62,0,1
BRDA:459,62,1,2
BRDA:459,63,0,3
BRDA:459,63,1,3
BRDA:466,64,0,0
BRDA:466,64,1,2
BRDA:469,65,0,1
BRDA:469,65,1,1
BRDA:498,66,0,3
BRDA:498,66,1,0
BRDA:498,67,0,0
BRDA:498,67,1,0
BRDA:500,68,0,3
BRDA:500,68,1,3
BRDA:500,68,2,3
BRDA:508,69,0,3
BRDA:508,69,1,0
BRDA:509,70,0,3
BRDA:509,70,1,0
BRDA:510,71,0,3
BRDA:510,71,1,0
BRDA:513,72,0,0
BRDA:513,72,1,3
BRDA:513,73,0,3
BRDA:513,73,1,3
BRDA:513,73,2,3
BRDA:521,74,0,3
BRDA:521,74,1,0
BRDA:521,75,0,3
BRDA:521,75,1,3
BRDA:524,76,0,0
BRDA:524,76,1,3
BRDA:530,77,0,2
BRDA:530,77,1,1
BRDA:530,78,0,3
BRDA:530,78,1,1
BRDA:530,78,2,2
BRDA:530,78,3,2
BRDA:536,79,0,0
BRDA:536,79,1,2
BRDA:536,80,0,2
BRDA:536,80,1,1
BRDA:538,81,0,1
BRDA:538,81,1,1
BRDA:538,82,0,2
BRDA:538,82,1,2
BRDA:543,83,0,1
BRDA:543,83,1,1
BRDA:543,84,0,2
BRDA:543,84,1,1
BRDA:543,84,2,1
BRDA:543,84,3,1
BRDA:549,85,0,0
BRDA:549,85,1,1
BRDA:561,86,0,0
BRDA:561,86,1,0
BRDA:561,86,2,0
BRDA:561,86,3,0
BRDA:561,86,4,0
BRDA:571,87,0,0
BRDA:571,87,1,0
BRDA:574,88,0,0
BRDA:574,88,1,0
BRDA:575,89,0,0
BRDA:575,89,1,0
BRDA:586,90,0,0
BRDA:586,90,1,0
BRDA:587,91,0,0
BRDA:587,91,1,0
BRDA:612,92,0,0
BRDA:612,92,1,0
BRDA:613,93,0,0
BRDA:613,93,1,0
BRDA:617,94,0,0
BRDA:617,94,1,0
BRDA:618,95,0,0
BRDA:618,95,1,0
BRDA:618,96,0,0
BRDA:618,96,1,0
BRDA:619,97,0,0
BRDA:619,97,1,0
BRDA:622,98,0,0
BRDA:622,98,1,0
BRDA:630,99,0,0
BRDA:630,99,1,0
BRDA:633,100,0,0
BRDA:633,100,1,0
BRDA:634,101,0,0
BRDA:634,101,1,0
BRDA:645,102,0,0
BRDA:645,102,1,0
BRDA:646,103,0,0
BRDA:646,103,1,0
BRDA:694,104,0,0
BRDA:694,104,1,0
BRDA:759,105,0,49
BRDA:759,105,1,0
BRDA:783,106,0,0
BRDA:783,106,1,0
BRDA:793,107,0,0
BRDA:793,107,1,0
BRDA:802,108,0,0
BRDA:802,108,1,0
BRDA:808,109,0,0
BRDA:808,109,1,0
BRDA:808,110,0,0
BRDA:808,110,1,0
BRDA:808,110,2,0
BRDA:839,111,0,0
BRDA:839,111,1,0
BRDA:852,112,0,0
BRDA:852,112,1,0
BRDA:864,113,0,12
BRDA:864,113,1,6
BRDA:870,114,0,6
BRDA:870,114,1,6
BRF:238
BRH:114
end_of_record
TN:
SF:server\migration-planner.js
FN:15,fallbackAnalysis
FN:54,(anonymous_1)
FN:86,(anonymous_2)
FN:87,(anonymous_3)
FN:91,(anonymous_4)
FN:95,(anonymous_5)
FN:99,(anonymous_6)
FN:123,(anonymous_7)
FN:143,analyzeMigration
FN:154,(anonymous_9)
FN:155,(anonymous_10)
FN:155,(anonymous_11)
FN:162,(anonymous_12)
FN:165,(anonymous_13)
FN:177,(anonymous_14)
FN:186,(anonymous_15)
FNF:16
FNH:8
FNDA:9,fallbackAnalysis
FNDA:16,(anonymous_1)
FNDA:16,(anonymous_2)
FNDA:8,(anonymous_3)
FNDA:16,(anonymous_4)
FNDA:1,(anonymous_5)
FNDA:1,(anonymous_6)
FNDA:16,(anonymous_7)
FNDA:0,analyzeMigration
FNDA:0,(anonymous_9)
FNDA:0,(anonymous_10)
FNDA:0,(anonymous_11)
FNDA:0,(anonymous_12)
FNDA:0,(anonymous_13)
FNDA:0,(anonymous_14)
FNDA:0,(anonymous_15)
DA:16,9
DA:17,9
DA:18,9
DA:19,9
DA:21,9
DA:22,9
DA:23,9
DA:28,9
DA:29,16
DA:30,16
DA:31,1
DA:32,1
DA:42,9
DA:43,16
DA:44,1
DA:54,16
DA:55,9
DA:56,0
DA:63,0
DA:64,0
DA:72,9
DA:73,16
DA:74,16
DA:75,1
DA:85,9
DA:86,16
DA:87,8
DA:91,16
DA:92,9
DA:95,9
DA:96,9
DA:99,9
DA:100,9
DA:103,9
DA:105,9
DA:108,9
DA:109,1
DA:115,9
DA:116,0
DA:123,16
DA:124,2
DA:127,9
DA:145,0
DA:146,0
DA:149,0
DA:150,0
DA:151,0
DA:152,0
DA:154,0
DA:155,0
DA:158,0
DA:162,0
DA:165,0
DA:177,0
DA:179,0
DA:181,0
DA:182,0
DA:183,0
DA:186,0
DA:192,0
DA:193,0
DA:196,0
DA:197,0
LF:63
LH:38
BRDA:16,0,0,9
BRDA:16,0,1,0
BRDA:17,1,0,9
BRDA:17,1,1,8
BRDA:18,2,0,9
BRDA:18,2,1,8
BRDA:19,3,0,9
BRDA:19,3,1,0
BRDA:29,4,0,16
BRDA:29,4,1,0
BRDA:30,5,0,1
BRDA:30,5,1,15
BRDA:43,6,0,1
BRDA:43,6,1,15
BRDA:55,7,0,0
BRDA:55,7,1,9
BRDA:58,8,0,0
BRDA:58,8,1,0
BRDA:63,9,0,0
BRDA:63,9,1,0
BRDA:73,10,0,16
BRDA:73,10,1,16
BRDA:74,11,0,1
BRDA:74,11,1,15
BRDA:91,12,0,16
BRDA:91,12,1,0
BRDA:95,13,0,9
BRDA:95,13,1,8
BRDA:99,14,0,1
BRDA:99,14,1,0
BRDA:108,15,0,1
BRDA:108,15,1,8
BRDA:115,16,0,0
BRDA:115,16,1,9
BRDA:123,17,0,2
BRDA:123,17,1,7
BRDA:123,18,0,16
BRDA:123,18,1,0
BRDA:145,19,0,0
BRDA:145,19,1,0
BRDA:150,20,0,0
BRDA:150,20,1,0
BRDA:151,21,0,0
BRDA:151,21,1,0
BRDA:152,22,0,0
BRDA:152,22,1,0
BRDA:154,23,0,0
BRDA:154,23,1,0
BRDA:162,24,0,0
BRDA:162,24,1,0
BRDA:162,25,0,0
BRDA:162,25,1,0
BRDA:162,26,0,0
BRDA:162,26,1,0
BRDA:164,27,0,0
BRDA:164,27,1,0
BRDA:165,28,0,0
BRDA:165,28,1,0
BRDA:166,29,0,0
BRDA:166,29,1,0
BRDA:166,30,0,0
BRDA:166,30,1,0
BRDA:177,31,0,0
BRDA:177,31,1,0
BRDA:184,32,0,0
BRDA:184,32,1,0
BRDA:185,33,0,0
BRDA:185,33,1,0
BRDA:186,34,0,0
BRDA:186,34,1,0
BRDA:186,35,0,0
BRDA:186,35,1,0
BRDA:187,36,0,0
BRDA:187,36,1,0
BRDA:188,37,0,0
BRDA:188,37,1,0
BRF:76
BRH:26
end_of_record
TN:
SF:server\wiki-service.js
FN:36,convertContent
FN:51,(anonymous_1)
FN:53,(anonymous_2)
FN:57,(anonymous_3)
FN:59,(anonymous_4)
FN:78,(anonymous_5)
FN:86,(anonymous_6)
FN:112,convertOrderFile
FN:115,(anonymous_8)
FN:116,(anonymous_9)
FN:122,walkDir
FN:153,migrateWiki
FN:156,(anonymous_12)
FNF:13
FNH:10
FNDA:12,convertContent
FNDA:2,(anonymous_1)
FNDA:2,(anonymous_2)
FNDA:1,(anonymous_3)
FNDA:1,(anonymous_4)
FNDA:3,(anonymous_5)
FNDA:2,(anonymous_6)
FNDA:2,convertOrderFile
FNDA:3,(anonymous_8)
FNDA:3,(anonymous_9)
FNDA:0,walkDir
FNDA:0,migrateWiki
FNDA:0,(anonymous_12)
DA:17,2
DA:18,2
DA:19,2
DA:20,2
DA:23,2
DA:24,0
DA:37,12
DA:40,12
DA:43,12
DA:46,12
DA:47,12
DA:48,36
DA:49,36
DA:50,27
DA:51,27
DA:52,2
DA:53,2
DA:56,9
DA:57,9
DA:58,1
DA:59,1
DA:65,12
DA:66,1
DA:73,12
DA:76,12
DA:78,9
DA:80,3
DA:81,2
DA:86,3
DA:88,2
DA:89,1
DA:93,3
DA:100,12
DA:102,12
DA:113,2
DA:115,3
DA:116,3
DA:123,0
DA:124,0
DA:125,0
DA:126,0
DA:127,0
DA:128,0
DA:129,0
DA:131,0
DA:134,0
DA:154,0
DA:155,0
DA:156,0
DA:158,0
DA:159,0
DA:160,0
DA:162,0
DA:164,0
DA:165,0
DA:166,0
DA:167,0
DA:171,0
DA:172,0
DA:174,0
DA:175,0
DA:176,0
DA:180,0
DA:181,0
DA:182,0
DA:184,0
DA:185,0
DA:186,0
DA:189,0
DA:190,0
DA:191,0
DA:193,0
DA:194,0
DA:195,0
DA:196,0
DA:199,0
DA:200,0
DA:201,0
DA:202,0
DA:203,0
DA:205,0
DA:206,0
DA:209,0
DA:210,0
DA:214,0
DA:218,0
DA:219,0
DA:220,0
DA:221,0
DA:222,0
DA:223,0
DA:224,0
DA:227,0
DA:228,0
DA:231,0
DA:232,0
DA:235,0
DA:236,0
DA:237,0
DA:242,0
DA:244,0
DA:246,0
DA:249,0
DA:250,0
DA:251,0
DA:252,0
DA:253,0
DA:254,0
DA:257,0
DA:258,0
DA:260,0
DA:261,0
DA:262,0
DA:263,0
DA:266,0
DA:267,0
DA:269,0
DA:270,0
DA:271,0
DA:272,0
DA:273,0
DA:274,0
DA:277,0
DA:278,0
DA:279,0
DA:280,0
DA:282,0
DA:283,0
DA:284,0
DA:287,0
DA:292,0
DA:294,0
DA:300,0
DA:301,0
DA:304,0
DA:305,0
DA:306,0
DA:307,0
DA:310,0
LF:139
LH:36
BRDA:23,0,0,0
BRDA:23,0,1,2
BRDA:49,1,0,27
BRDA:49,1,1,9
BRDA:65,2,0,1
BRDA:65,2,1,11
BRDA:65,3,0,12
BRDA:65,3,1,1
BRDA:76,4,0,9
BRDA:76,4,1,3
BRDA:80,5,0,1
BRDA:80,5,1,2
BRDA:88,6,0,1
BRDA:88,6,1,1
BRDA:113,7,0,1
BRDA:113,7,1,1
BRDA:113,8,0,2
BRDA:113,8,1,1
BRDA:127,9,0,0
BRDA:127,9,1,0
BRDA:128,10,0,0
BRDA:128,10,1,0
BRDA:153,11,0,0
BRDA:156,12,0,0
BRDA:156,12,1,0
BRDA:166,13,0,0
BRDA:166,13,1,0
BRDA:171,14,0,0
BRDA:171,14,1,0
BRDA:175,15,0,0
BRDA:175,15,1,0
BRDA:199,16,0,0
BRDA:199,16,1,0
BRDA:200,17,0,0
BRDA:200,17,1,0
BRDA:203,18,0,0
BRDA:203,18,1,0
BRDA:206,19,0,0
BRDA:206,19,1,0
BRDA:218,20,0,0
BRDA:218,20,1,0
BRDA:231,21,0,0
BRDA:231,21,1,0
BRDA:231,22,0,0
BRDA:231,22,1,0
BRDA:242,23,0,0
BRDA:242,23,1,0
BRDA:244,24,0,0
BRDA:244,24,1,0
BRDA:283,25,0,0
BRDA:283,25,1,0
BRDA:296,26,0,0
BRDA:296,26,1,0
BRDA:306,27,0,0
BRDA:306,27,1,0
BRF:55
BRH:17
end_of_record
TN:
SF:server\work-item-service.js
FN:16,escapeWiql
FN:30,isAllowedAttachmentUrl
FN:33,(anonymous_2)
FN:45,htmlToMarkdown
FN:67,(anonymous_4)
FN:89,buildLabels
FN:117,buildIssueBody
FN:159,(anonymous_7)
FN:173,buildDependencyTree
FN:265,ensureLabel
FN:299,generateLabelColor
FN:320,createGitHubIssue
FN:338,(anonymous_12)
FN:342,(anonymous_13)
FN:358,normalizeWorkItem
FN:382,fetchExistingLabels
FN:430,migrateWorkItems
FN:433,(anonymous_17)
FN:434,(anonymous_18)
FN:444,(anonymous_19)
FN:464,(anonymous_20)
FN:469,(anonymous_21)
FNF:22
FNH:5
FNDA:0,escapeWiql
FNDA:0,isAllowedAttachmentUrl
FNDA:0,(anonymous_2)
FNDA:9,htmlToMarkdown
FNDA:1,(anonymous_4)
FNDA:4,buildLabels
FNDA:2,buildIssueBody
FNDA:0,(anonymous_7)
FNDA:3,buildDependencyTree
FNDA:0,ensureLabel
FNDA:0,generateLabelColor
FNDA:0,createGitHubIssue
FNDA:0,(anonymous_12)
FNDA:0,(anonymous_13)
FNDA:0,normalizeWorkItem
FNDA:0,fetchExistingLabels
FNDA:0,migrateWorkItems
FNDA:0,(anonymous_17)
FNDA:0,(anonymous_18)
FNDA:0,(anonymous_19)
FNDA:0,(anonymous_20)
FNDA:0,(anonymous_21)
DA:17,0
DA:20,2
DA:31,0
DA:32,0
DA:33,0
DA:35,0
DA:46,9
DA:48,7
DA:51,7
DA:54,7
DA:55,7
DA:58,7
DA:61,7
DA:64,7
DA:67,7
DA:68,1
DA:69,1
DA:73,7
DA:76,7
DA:78,7
DA:90,4
DA:93,4
DA:94,4
DA:98,4
DA:99,4
DA:103,4
DA:104,3
DA:107,4
DA:118,2
DA:121,2
DA:122,2
DA:123,2
DA:124,2
DA:128,2
DA:129,2
DA:130,2
DA:131,2
DA:132,2
DA:133,2
DA:134,2
DA:135,2
DA:137,2
DA:138,1
DA:140,2
DA:141,1
DA:143,2
DA:144,1
DA:146,2
DA:147,1
DA:151,2
DA:152,0
DA:153,0
DA:154,0
DA:155,0
DA:156,0
DA:158,0
DA:159,0
DA:163,2
DA:174,3
DA:177,3
DA:178,3
DA:179,6
DA:183,3
DA:184,3
DA:185,6
DA:186,6
DA:187,3
DA:189,3
DA:190,3
DA:191,3
DA:199,3
DA:200,3
DA:202,3
DA:203,6
DA:204,6
DA:205,6
DA:209,3
DA:211,3
DA:212,3
DA:213,3
DA:214,0
DA:216,3
DA:221,3
DA:222,3
DA:223,6
DA:224,3
DA:228,3
DA:229,3
DA:231,3
DA:232,4
DA:233,4
DA:234,4
DA:235,4
DA:237,4
DA:238,4
DA:239,1
DA:240,1
DA:241,1
DA:247,3
DA:248,6
DA:249,2
DA:253,3
DA:266,0
DA:268,0
DA:269,0
DA:282,0
DA:284,0
DA:285,0
DA:288,0
DA:290,0
DA:300,0
DA:301,0
DA:302,0
DA:304,0
DA:305,0
DA:321,0
DA:332,0
DA:333,0
DA:334,0
DA:335,0
DA:337,0
DA:338,0
DA:341,0
DA:342,0
DA:343,0
DA:344,0
DA:345,0
DA:346,0
DA:349,0
DA:350,0
DA:359,0
DA:360,0
DA:383,0
DA:384,0
DA:386,0
DA:387,0
DA:397,0
DA:399,0
DA:400,0
DA:402,0
DA:403,0
DA:406,0
DA:409,0
DA:431,0
DA:432,0
DA:433,0
DA:434,0
DA:436,0
DA:437,0
DA:439,0
DA:442,0
DA:443,0
DA:444,0
DA:446,0
DA:451,0
DA:463,0
DA:464,0
DA:465,0
DA:468,0
DA:469,0
DA:471,0
DA:472,0
DA:473,0
DA:476,0
DA:478,0
DA:481,0
DA:482,0
DA:484,0
DA:486,0
DA:489,0
DA:491,0
DA:494,0
DA:496,0
DA:499,0
DA:500,0
DA:502,0
DA:503,0
DA:505,0
DA:506,0
DA:507,0
DA:510,0
DA:513,0
DA:514,0
DA:515,0
DA:519,0
DA:520,0
DA:521,0
DA:522,0
DA:523,0
DA:524,0
DA:525,0
DA:526,0
DA:527,0
DA:528,0
DA:532,0
DA:533,0
DA:534,0
DA:535,0
DA:536,0
DA:537,0
DA:538,0
DA:539,0
DA:546,0
DA:547,0
DA:550,0
DA:559,0
DA:560,0
DA:563,0
DA:565,0
LF:209
LH:89
BRDA:46,0,0,2
BRDA:46,0,1,7
BRDA:68,1,0,1
BRDA:68,1,1,0
BRDA:93,2,0,4
BRDA:93,2,1,0
BRDA:93,3,0,4
BRDA:93,3,1,4
BRDA:98,4,0,4
BRDA:98,4,1,0
BRDA:103,5,0,3
BRDA:103,5,1,1
BRDA:122,6,0,2
BRDA:122,6,1,0
BRDA:134,7,0,2
BRDA:134,7,1,0
BRDA:135,8,0,2
BRDA:135,8,1,0
BRDA:137,9,0,1
BRDA:137,9,1,1
BRDA:140,10,0,1
BRDA:140,10,1,1
BRDA:143,11,0,1
BRDA:143,11,1,1
BRDA:146,12,0,1
BRDA:146,12,1,1
BRDA:151,13,0,0
BRDA:151,13,1,2
BRDA:155,14,0,0
BRDA:155,14,1,0
BRDA:158,15,0,0
BRDA:158,15,1,0
BRDA:158,16,0,0
BRDA:158,16,1,0
BRDA:174,17,0,0
BRDA:174,17,1,3
BRDA:174,18,0,3
BRDA:174,18,1,3
BRDA:185,19,0,0
BRDA:185,19,1,6
BRDA:187,20,0,3
BRDA:187,20,1,0
BRDA:190,21,0,3
BRDA:190,21,1,0
BRDA:204,22,0,6
BRDA:204,22,1,0
BRDA:211,23,0,3
BRDA:211,23,1,0
BRDA:212,24,0,3
BRDA:212,24,1,3
BRDA:213,25,0,0
BRDA:213,25,1,3
BRDA:223,26,0,3
BRDA:223,26,1,3
BRDA:233,27,0,0
BRDA:233,27,1,4
BRDA:237,28,0,4
BRDA:237,28,1,0
BRDA:239,29,0,1
BRDA:239,29,1,0
BRDA:240,30,0,1
BRDA:240,30,1,0
BRDA:240,31,0,1
BRDA:240,31,1,1
BRDA:240,31,2,1
BRDA:248,32,0,2
BRDA:248,32,1,4
BRDA:266,33,0,0
BRDA:266,33,1,0
BRDA:282,34,0,0
BRDA:282,34,1,0
BRDA:282,35,0,0
BRDA:282,35,1,0
BRDA:333,36,0,0
BRDA:333,36,1,0
BRDA:333,37,0,0
BRDA:333,37,1,0
BRDA:341,38,0,0
BRDA:341,38,1,0
BRDA:343,39,0,0
BRDA:343,39,1,0
BRDA:359,40,0,0
BRDA:359,40,1,0
BRDA:362,41,0,0
BRDA:362,41,1,0
BRDA:363,42,0,0
BRDA:363,42,1,0
BRDA:364,43,0,0
BRDA:364,43,1,0
BRDA:365,44,0,0
BRDA:365,44,1,0
BRDA:366,45,0,0
BRDA:366,45,1,0
BRDA:367,46,0,0
BRDA:367,46,1,0
BRDA:368,47,0,0
BRDA:368,47,1,0
BRDA:369,48,0,0
BRDA:369,48,1,0
BRDA:370,49,0,0
BRDA:370,49,1,0
BRDA:371,50,0,0
BRDA:371,50,1,0
BRDA:397,51,0,0
BRDA:397,51,1,0
BRDA:400,52,0,0
BRDA:400,52,1,0
BRDA:431,53,0,0
BRDA:433,54,0,0
BRDA:433,54,1,0
BRDA:434,55,0,0
BRDA:434,55,1,0
BRDA:443,56,0,0
BRDA:443,56,1,0
BRDA:443,57,0,0
BRDA:443,57,1,0
BRDA:446,58,0,0
BRDA:446,58,1,0
BRDA:463,59,0,0
BRDA:463,59,1,0
BRDA:465,60,0,0
BRDA:465,60,1,0
BRDA:469,61,0,0
BRDA:469,61,1,0
BRDA:471,62,0,0
BRDA:471,62,1,0
BRDA:478,63,0,0
BRDA:478,63,1,0
BRDA:486,64,0,0
BRDA:486,64,1,0
BRDA:496,65,0,0
BRDA:496,65,1,0
BRDA:503,66,0,0
BRDA:503,66,1,0
BRDA:515,67,0,0
BRDA:515,67,1,0
BRDA:520,68,0,0
BRDA:520,68,1,0
BRDA:522,69,0,0
BRDA:522,69,1,0
BRDA:524,70,0,0
BRDA:524,70,1,0
BRDA:527,71,0,0
BRDA:527,71,1,0
BRDA:532,72,0,0
BRDA:532,72,1,0
BRDA:534,73,0,0
BRDA:534,73,1,0
BRDA:537,74,0,0
BRDA:537,74,1,0
BRDA:538,75,0,0
BRDA:538,75,1,0
BRDA:546,76,0,0
BRDA:546,76,1,0
BRDA:546,76,2,0
BRDA:547,77,0,0
BRDA:547,77,1,0
BRF:157
BRH:43
end_of_record
TN:
SF:server\__tests__\helpers\integration-db.js
FN:33,makeIntegrationDb
FNF:1
FNH:1
FNDA:7,makeIntegrationDb
DA:22,7
DA:34,7
DA:35,0
DA:37,7
DA:38,7
DA:39,7
DA:40,7
DA:41,7
LF:8
LH:7
BRDA:34,0,0,0
BRDA:34,0,1,7
BRF:2
BRH:1
end_of_record
TN:
SF:server\evals\run.js
FN:43,parseArgs
FN:89,loadDatasets
FN:92,(anonymous_2)
FN:100,(anonymous_3)
FN:107,(anonymous_4)
FN:128,loadAdapter
FN:142,runAll
FN:174,(anonymous_7)
FN:174,(anonymous_8)
FN:185,(anonymous_9)
FN:186,(anonymous_10)
FN:187,(anonymous_11)
FN:213,(anonymous_12)
FN:215,(anonymous_13)
FN:269,buildMarkdownSummary
FN:328,(anonymous_15)
FNF:16
FNH:0
FNDA:0,parseArgs
FNDA:0,loadDatasets
FNDA:0,(anonymous_2)
FNDA:0,(anonymous_3)
FNDA:0,(anonymous_4)
FNDA:0,loadAdapter
FNDA:0,runAll
FNDA:0,(anonymous_7)
FNDA:0,(anonymous_8)
FNDA:0,(anonymous_9)
FNDA:0,(anonymous_10)
FNDA:0,(anonymous_11)
FNDA:0,(anonymous_12)
FNDA:0,(anonymous_13)
FNDA:0,buildMarkdownSummary
FNDA:0,(anonymous_15)
DA:28,0
DA:29,0
DA:30,0
DA:44,0
DA:45,0
DA:46,0
DA:47,0
DA:48,0
DA:49,0
DA:50,0
DA:52,0
DA:54,0
DA:55,0
DA:56,0
DA:58,0
DA:59,0
DA:62,0
DA:66,0
DA:69,0
DA:72,0
DA:73,0
DA:74,0
DA:75,0
DA:79,0
DA:80,0
DA:81,0
DA:82,0
DA:83,0
DA:91,0
DA:92,0
DA:94,0
DA:95,0
DA:98,0
DA:99,0
DA:100,0
DA:101,0
DA:102,0
DA:103,0
DA:107,0
DA:108,0
DA:109,0
DA:112,0
DA:113,0
DA:114,0
DA:120,0
DA:129,0
DA:130,0
DA:131,0
DA:132,0
DA:133,0
DA:135,0
DA:143,0
DA:144,0
DA:145,0
DA:146,0
DA:148,0
DA:149,0
DA:152,0
DA:153,0
DA:155,0
DA:156,0
DA:159,0
DA:160,0
DA:161,0
DA:163,0
DA:166,0
DA:167,0
DA:168,0
DA:174,0
DA:185,0
DA:186,0
DA:187,0
DA:190,0
DA:191,0
DA:195,0
DA:196,0
DA:197,0
DA:200,0
DA:201,0
DA:202,0
DA:207,0
DA:213,0
DA:215,0
DA:224,0
DA:225,0
DA:227,0
DA:228,0
DA:229,0
DA:230,0
DA:232,0
DA:233,0
DA:234,0
DA:236,0
DA:237,0
DA:239,0
DA:251,0
DA:254,0
DA:255,0
DA:256,0
DA:257,0
DA:261,0
DA:262,0
DA:270,0
DA:271,0
DA:272,0
DA:273,0
DA:274,0
DA:275,0
DA:276,0
DA:277,0
DA:278,0
DA:279,0
DA:280,0
DA:281,0
DA:282,0
DA:283,0
DA:285,0
DA:287,0
DA:288,0
DA:289,0
DA:290,0
DA:291,0
DA:292,0
DA:293,0
DA:295,0
DA:296,0
DA:298,0
DA:302,0
DA:303,0
DA:304,0
DA:305,0
DA:306,0
DA:307,0
DA:308,0
DA:310,0
DA:312,0
DA:313,0
DA:314,0
DA:315,0
DA:317,0
DA:321,0
DA:328,0
DA:329,0
DA:330,0
LF:144
LH:0
BRDA:48,0,0,0
BRDA:48,0,1,0
BRDA:50,1,0,0
BRDA:50,1,1,0
BRDA:56,2,0,0
BRDA:56,2,1,0
BRDA:56,3,0,0
BRDA:56,3,1,0
BRDA:73,4,0,0
BRDA:73,4,1,0
BRDA:79,5,0,0
BRDA:79,5,1,0
BRDA:80,6,0,0
BRDA:80,6,1,0
BRDA:81,7,0,0
BRDA:81,7,1,0
BRDA:82,8,0,0
BRDA:82,8,1,0
BRDA:83,9,0,0
BRDA:83,9,1,0
BRDA:98,10,0,0
BRDA:98,10,1,0
BRDA:99,11,0,0
BRDA:99,11,1,0
BRDA:101,12,0,0
BRDA:101,12,1,0
BRDA:113,13,0,0
BRDA:113,13,1,0
BRDA:113,14,0,0
BRDA:113,14,1,0
BRDA:132,15,0,0
BRDA:132,15,1,0
BRDA:160,16,0,0
BRDA:160,16,1,0
BRDA:167,17,0,0
BRDA:167,17,1,0
BRDA:171,18,0,0
BRDA:171,18,1,0
BRDA:172,19,0,0
BRDA:172,19,1,0
BRDA:190,20,0,0
BRDA:190,20,1,0
BRDA:190,21,0,0
BRDA:190,21,1,0
BRDA:190,21,2,0
BRDA:192,22,0,0
BRDA:192,22,1,0
BRDA:193,23,0,0
BRDA:193,23,1,0
BRDA:227,24,0,0
BRDA:227,24,1,0
BRDA:228,25,0,0
BRDA:228,25,1,0
BRDA:234,26,0,0
BRDA:234,26,1,0
BRDA:242,27,0,0
BRDA:242,27,1,0
BRDA:254,28,0,0
BRDA:254,28,1,0
BRDA:261,29,0,0
BRDA:261,29,1,0
BRDA:261,30,0,0
BRDA:261,30,1,0
BRDA:271,31,0,0
BRDA:271,31,1,0
BRDA:282,32,0,0
BRDA:282,32,1,0
BRDA:287,33,0,0
BRDA:287,33,1,0
BRDA:292,34,0,0
BRDA:292,34,1,0
BRDA:296,35,0,0
BRDA:296,35,1,0
BRDA:302,36,0,0
BRDA:302,36,1,0
BRDA:305,37,0,0
BRDA:305,37,1,0
BRDA:312,38,0,0
BRDA:312,38,1,0
BRF:79
BRH:0
end_of_record
TN:
SF:server\evals\adapters\migration-description.js
FN:35,buildPrompt
FN:76,runCase
FNF:2
FNH:0
FNDA:0,buildPrompt
FNDA:0,runCase
DA:20,0
DA:36,0
DA:38,0
DA:50,0
DA:78,0
DA:81,0
DA:84,0
LF:7
LH:0
BRDA:40,0,0,0
BRDA:40,0,1,0
BRDA:43,1,0,0
BRDA:43,1,1,0
BRDA:44,2,0,0
BRDA:44,2,1,0
BRDA:45,3,0,0
BRDA:45,3,1,0
BRDA:46,4,0,0
BRDA:46,4,1,0
BRF:10
BRH:0
end_of_record
TN:
SF:server\evals\adapters\migration-size-strategy.js
FN:30,buildPrompt
FN:59,runCase
FNF:2
FNH:0
FNDA:0,buildPrompt
FNDA:0,runCase
DA:18,0
DA:31,0
DA:32,0
DA:33,0
DA:62,0
DA:65,0
DA:68,0
LF:7
LH:0
BRDA:37,0,0,0
BRDA:37,0,1,0
BRDA:39,1,0,0
BRDA:39,1,1,0
BRF:4
BRH:0
end_of_record
TN:
SF:server\lib\ai-evals.js
FN:38,createMockProvider
FN:40,(anonymous_1)
FN:45,(anonymous_2)
FN:48,(anonymous_3)
FN:64,exactMatch
FN:83,jsonShape
FN:108,enumMatch
FN:114,(anonymous_7)
FN:124,lengthBounds
FN:140,regexMatch
FN:158,numberRange
FN:176,allOf
FN:177,(anonymous_12)
FN:178,(anonymous_13)
FN:180,(anonymous_14)
FN:188,anyOf
FN:189,(anonymous_16)
FN:190,(anonymous_17)
FN:192,(anonymous_18)
FN:207,resolvePath
FN:209,(anonymous_20)
FN:222,runScorerDescriptor
FN:244,defineEval
FN:255,runCase
FN:271,(anonymous_24)
FN:272,(anonymous_25)
FN:285,runEval
FN:289,(anonymous_27)
FN:289,(anonymous_28)
FN:292,(anonymous_29)
FN:294,(anonymous_30)
FN:317,diffAgainstBaseline
FNF:32
FNH:32
FNDA:15,createMockProvider
FNDA:11,(anonymous_1)
FNDA:1,(anonymous_2)
FNDA:1,(anonymous_3)
FNDA:5,exactMatch
FNDA:9,jsonShape
FNDA:4,enumMatch
FNDA:4,(anonymous_7)
FNDA:6,lengthBounds
FNDA:4,regexMatch
FNDA:14,numberRange
FNDA:3,allOf
FNDA:6,(anonymous_12)
FNDA:6,(anonymous_13)
FNDA:3,(anonymous_14)
FNDA:2,anyOf
FNDA:4,(anonymous_16)
FNDA:4,(anonymous_17)
FNDA:2,(anonymous_18)
FNDA:11,resolvePath
FNDA:7,(anonymous_20)
FNDA:12,runScorerDescriptor
FNDA:2,defineEval
FNDA:10,runCase
FNDA:12,(anonymous_24)
FNDA:12,(anonymous_25)
FNDA:6,runEval
FNDA:2,(anonymous_27)
FNDA:2,(anonymous_28)
FNDA:10,(anonymous_29)
FNDA:10,(anonymous_30)
FNDA:4,diffAgainstBaseline
DA:39,15
DA:41,11
DA:42,11
DA:43,11
DA:46,1
DA:49,1
DA:65,5
DA:66,5
DA:84,9
DA:85,2
DA:87,7
DA:88,7
DA:89,10
DA:90,1
DA:92,9
DA:93,9
DA:94,1
DA:98,7
DA:99,2
DA:109,4
DA:110,4
DA:114,4
DA:125,6
DA:126,1
DA:128,5
DA:129,5
DA:130,4
DA:131,3
DA:141,4
DA:142,1
DA:144,3
DA:145,4
DA:146,4
DA:159,14
DA:160,2
DA:162,12
DA:163,11
DA:164,7
DA:177,6
DA:178,6
DA:179,3
DA:180,3
DA:189,4
DA:190,4
DA:191,2
DA:192,2
DA:199,1
DA:208,11
DA:209,7
DA:223,12
DA:224,12
DA:225,12
DA:226,1
DA:228,11
DA:229,11
DA:230,11
DA:245,2
DA:256,10
DA:257,10
DA:260,10
DA:261,10
DA:263,2
DA:271,12
DA:272,12
DA:274,8
DA:286,6
DA:288,6
DA:289,2
DA:292,10
DA:294,10
DA:295,6
DA:297,6
DA:319,4
DA:320,4
DA:321,4
DA:322,17
DA:326,4
DA:327,4
DA:328,4
DA:330,4
DA:331,4
DA:332,20
DA:333,20
DA:335,20
DA:337,3
DA:338,17
DA:339,3
DA:340,14
DA:341,3
DA:343,11
DA:348,4
LF:91
LH:91
BRDA:68,0,0,3
BRDA:68,0,1,2
BRDA:84,1,0,2
BRDA:84,1,1,7
BRDA:84,2,0,9
BRDA:84,2,1,8
BRDA:89,3,0,1
BRDA:89,3,1,9
BRDA:92,4,0,0
BRDA:92,4,1,9
BRDA:93,5,0,1
BRDA:93,5,1,8
BRDA:98,6,0,5
BRDA:98,6,1,2
BRDA:112,7,0,2
BRDA:112,7,1,2
BRDA:124,8,0,6
BRDA:124,9,0,6
BRDA:124,10,0,6
BRDA:125,11,0,1
BRDA:125,11,1,5
BRDA:129,12,0,1
BRDA:129,12,1,4
BRDA:130,13,0,1
BRDA:130,13,1,3
BRDA:141,14,0,1
BRDA:141,14,1,3
BRDA:144,15,0,2
BRDA:144,15,1,1
BRDA:148,16,0,2
BRDA:148,16,1,1
BRDA:158,17,0,14
BRDA:158,18,0,14
BRDA:158,19,0,14
BRDA:159,20,0,2
BRDA:159,20,1,12
BRDA:159,21,0,14
BRDA:159,21,1,13
BRDA:162,22,0,1
BRDA:162,22,1,11
BRDA:163,23,0,4
BRDA:163,23,1,7
BRDA:179,24,0,1
BRDA:179,24,1,2
BRDA:191,25,0,1
BRDA:191,25,1,1
BRDA:208,26,0,4
BRDA:208,26,1,7
BRDA:209,27,0,0
BRDA:209,27,1,7
BRDA:225,28,0,1
BRDA:225,28,1,11
BRDA:285,29,0,6
BRDA:288,30,0,1
BRDA:288,30,1,5
BRDA:288,31,0,6
BRDA:288,31,1,1
BRDA:289,32,0,2
BRDA:289,32,1,2
BRDA:335,33,0,3
BRDA:335,33,1,17
BRDA:338,34,0,3
BRDA:338,34,1,14
BRDA:338,35,0,17
BRDA:338,35,1,9
BRDA:340,36,0,3
BRDA:340,36,1,11
BRDA:340,37,0,14
BRDA:340,37,1,8
BRF:69
BRH:67
end_of_record
TN:
SF:server\lib\ai-health-probe.js
FN:56,recordOutcome
FN:74,getProbeStats
FN:81,resetProbeStats
FN:100,normaliseFeature
FN:111,makeCacheKey
FN:121,classifyError
FN:139,runProbe
FN:147,(anonymous_7)
FN:175,getKeyHealth
FN:187,(anonymous_9)
FN:215,probeAndCache
FN:240,invalidate
FN:260,recordState
FNF:13
FNH:12
FNDA:30,recordOutcome
FNDA:6,getProbeStats
FNDA:41,resetProbeStats
FNDA:122,normaliseFeature
FNDA:50,makeCacheKey
FNDA:7,classifyError
FNDA:28,runProbe
FNDA:0,(anonymous_7)
FNDA:27,getKeyHealth
FNDA:13,(anonymous_9)
FNDA:17,probeAndCache
FNDA:11,invalidate
FNDA:6,recordState
DA:28,12
DA:29,12
DA:32,12
DA:37,12
DA:57,30
DA:58,30
DA:59,30
DA:60,30
DA:61,30
DA:75,6
DA:82,41
DA:83,41
DA:84,41
DA:85,41
DA:86,41
DA:87,41
DA:97,12
DA:98,12
DA:101,122
DA:102,122
DA:112,50
DA:113,50
DA:122,7
DA:123,7
DA:124,2
DA:125,7
DA:126,2
DA:127,1
DA:128,1
DA:129,1
DA:140,28
DA:141,28
DA:142,6
DA:143,6
DA:146,22
DA:147,22
DA:148,22
DA:150,22
DA:151,22
DA:155,15
DA:156,15
DA:158,7
DA:159,7
DA:160,7
DA:161,7
DA:163,22
DA:176,27
DA:177,27
DA:178,27
DA:179,27
DA:181,27
DA:182,14
DA:186,13
DA:187,13
DA:188,13
DA:189,13
DA:190,13
DA:191,13
DA:193,0
DA:194,0
DA:195,0
DA:198,13
DA:201,13
DA:216,17
DA:217,17
DA:218,17
DA:219,17
DA:220,17
DA:222,0
DA:225,17
DA:226,15
DA:228,2
DA:229,2
DA:231,17
DA:232,17
DA:233,17
DA:241,11
DA:242,6
DA:243,6
DA:245,5
DA:247,5
DA:248,3
DA:250,5
DA:252,0
DA:261,6
DA:264,12
DA:267,12
LF:87
LH:82
BRDA:56,0,0,30
BRDA:57,1,0,30
BRDA:57,1,1,0
BRDA:60,2,0,5
BRDA:60,2,1,25
BRDA:64,3,0,30
BRDA:64,3,1,0
BRDA:101,4,0,0
BRDA:101,4,1,122
BRDA:102,5,0,121
BRDA:102,5,1,1
BRDA:111,6,0,50
BRDA:113,7,0,0
BRDA:113,7,1,50
BRDA:122,8,0,7
BRDA:122,8,1,1
BRDA:123,9,0,5
BRDA:123,9,1,2
BRDA:123,10,0,7
BRDA:123,10,1,2
BRDA:125,11,0,0
BRDA:125,11,1,7
BRDA:126,12,0,1
BRDA:126,12,1,1
BRDA:126,13,0,2
BRDA:126,13,1,1
BRDA:127,14,0,0
BRDA:127,14,1,1
BRDA:128,15,0,0
BRDA:128,15,1,1
BRDA:128,16,0,1
BRDA:128,16,1,0
BRDA:139,17,0,28
BRDA:139,18,0,28
BRDA:139,19,0,28
BRDA:139,20,0,28
BRDA:141,21,0,6
BRDA:141,21,1,22
BRDA:175,22,0,27
BRDA:181,23,0,14
BRDA:181,23,1,13
BRDA:181,24,0,27
BRDA:181,24,1,14
BRDA:186,25,0,13
BRDA:186,25,1,0
BRDA:198,26,0,13
BRDA:198,26,1,13
BRDA:202,27,0,13
BRDA:202,27,1,13
BRDA:203,28,0,0
BRDA:203,28,1,13
BRDA:215,29,0,17
BRDA:225,30,0,15
BRDA:225,30,1,2
BRDA:241,31,0,6
BRDA:241,31,1,5
BRDA:245,32,0,5
BRDA:245,32,1,0
BRDA:248,33,0,3
BRDA:248,33,1,0
BRDA:260,34,0,6
BRF:61
BRH:49
end_of_record
TN:
SF:server\lib\ai-provider.js
FN:31,_loadProviders
FN:66,(anonymous_1)
FN:100,parseRetryAfterToMs
FN:121,extractRetryAfterMs
FN:155,isNetworkErrorShape
FN:186,toAIError
FN:269,stripMarkdownFences
FN:309,normalizeGeminiGenerationConfig
FN:336,(anonymous_8)
FN:361,(anonymous_9)
FN:381,(anonymous_10)
FN:459,(anonymous_11)
FN:492,(anonymous_12)
FN:548,createProvider
FN:595,(anonymous_14)
FN:599,(anonymous_15)
FN:603,(anonymous_16)
FN:607,(anonymous_17)
FN:611,(anonymous_18)
FN:644,createProviderForUser
FNF:20
FNH:17
FNDA:17,_loadProviders
FNDA:73,(anonymous_1)
FNDA:2,parseRetryAfterToMs
FNDA:2,extractRetryAfterMs
FNDA:28,isNetworkErrorShape
FNDA:29,toAIError
FNDA:9,stripMarkdownFences
FNDA:15,normalizeGeminiGenerationConfig
FNDA:25,(anonymous_8)
FNDA:0,(anonymous_9)
FNDA:11,(anonymous_10)
FNDA:3,(anonymous_11)
FNDA:4,(anonymous_12)
FNDA:7,createProvider
FNDA:0,(anonymous_14)
FNDA:1,(anonymous_15)
FNDA:6,(anonymous_16)
FNDA:1,(anonymous_17)
FNDA:0,(anonymous_18)
FNDA:17,createProviderForUser
DA:32,17
DA:33,1
DA:34,1
DA:35,1
DA:36,1
DA:44,25
DA:67,73
DA:68,73
DA:69,73
DA:70,73
DA:71,73
DA:84,25
DA:101,2
DA:102,0
DA:103,0
DA:104,0
DA:106,0
DA:107,0
DA:108,0
DA:109,0
DA:111,0
DA:122,2
DA:124,2
DA:125,0
DA:127,2
DA:128,2
DA:130,2
DA:131,2
DA:132,0
DA:135,0
DA:136,0
DA:139,2
DA:140,2
DA:141,0
DA:144,0
DA:145,0
DA:148,2
DA:156,28
DA:158,25
DA:159,21
DA:160,21
DA:161,21
DA:163,21
DA:164,21
DA:165,21
DA:187,29
DA:189,28
DA:190,29
DA:193,29
DA:196,4
DA:200,24
DA:201,0
DA:205,24
DA:206,2
DA:207,2
DA:215,22
DA:216,0
DA:226,22
DA:227,0
DA:230,22
DA:231,1
DA:235,21
DA:236,3
DA:240,18
DA:241,3
DA:245,15
DA:247,10
DA:255,5
DA:270,9
DA:281,25
DA:310,15
DA:311,3
DA:312,3
DA:313,6
DA:314,6
DA:315,2
DA:316,2
DA:318,4
DA:319,3
DA:322,3
DA:337,25
DA:338,25
DA:339,25
DA:342,25
DA:343,25
DA:345,0
DA:346,0
DA:349,25
DA:350,25
DA:352,0
DA:353,0
DA:362,0
DA:382,11
DA:383,11
DA:387,11
DA:388,0
DA:395,11
DA:399,11
DA:401,1
DA:405,10
DA:407,2
DA:408,2
DA:418,8
DA:419,8
DA:424,11
DA:425,11
DA:426,9
DA:427,9
DA:429,9
DA:430,2
DA:431,2
DA:432,2
DA:434,1
DA:442,7
DA:444,3
DA:445,1
DA:460,3
DA:461,1
DA:468,2
DA:469,2
DA:470,1
DA:472,1
DA:493,4
DA:494,4
DA:498,4
DA:499,0
DA:506,4
DA:510,4
DA:511,4
DA:517,4
DA:518,4
DA:520,1
DA:523,3
DA:524,8
DA:525,7
DA:526,7
DA:549,7
DA:551,7
DA:552,6
DA:554,6
DA:555,1
DA:561,5
DA:563,1
DA:564,1
DA:567,4
DA:568,6
DA:571,6
DA:575,6
DA:578,1
DA:593,25
DA:595,0
DA:599,1
DA:603,6
DA:607,1
DA:611,0
DA:645,17
DA:647,17
DA:650,17
DA:652,17
DA:654,17
DA:656,11
DA:657,8
DA:658,8
DA:659,8
DA:660,8
DA:662,8
DA:664,6
DA:665,6
DA:673,5
DA:674,3
DA:675,3
DA:678,3
DA:680,1
DA:681,1
DA:682,1
DA:689,2
DA:690,2
DA:691,2
DA:692,2
DA:694,3
DA:695,1
DA:696,1
DA:702,1
DA:709,8
DA:710,2
DA:715,6
DA:716,1
DA:717,1
DA:718,1
DA:722,5
DA:723,5
DA:724,3
DA:725,3
DA:726,3
DA:730,2
DA:731,0
DA:734,2
LF:197
LH:169
BRDA:32,0,0,1
BRDA:32,0,1,16
BRDA:66,1,0,73
BRDA:67,2,0,73
BRDA:67,2,1,11
BRDA:67,3,0,34
BRDA:67,3,1,39
BRDA:69,4,0,73
BRDA:69,4,1,1
BRDA:71,5,0,2
BRDA:71,5,1,71
BRDA:101,6,0,2
BRDA:101,6,1,0
BRDA:101,7,0,2
BRDA:101,7,1,0
BRDA:101,7,2,0
BRDA:103,8,0,0
BRDA:103,8,1,0
BRDA:103,9,0,0
BRDA:103,9,1,0
BRDA:107,10,0,0
BRDA:107,10,1,0
BRDA:109,11,0,0
BRDA:109,11,1,0
BRDA:122,12,0,0
BRDA:122,12,1,2
BRDA:122,13,0,2
BRDA:122,13,1,2
BRDA:124,14,0,0
BRDA:124,14,1,2
BRDA:124,15,0,2
BRDA:124,15,1,0
BRDA:128,16,0,0
BRDA:128,16,1,2
BRDA:131,17,0,0
BRDA:131,17,1,2
BRDA:132,18,0,0
BRDA:132,18,1,0
BRDA:133,19,0,0
BRDA:133,19,1,0
BRDA:134,20,0,0
BRDA:134,20,1,0
BRDA:136,21,0,0
BRDA:136,21,1,0
BRDA:140,22,0,0
BRDA:140,22,1,2
BRDA:141,23,0,0
BRDA:141,23,1,0
BRDA:142,24,0,0
BRDA:142,24,1,0
BRDA:143,25,0,0
BRDA:143,25,1,0
BRDA:145,26,0,0
BRDA:145,26,1,0
BRDA:156,27,0,3
BRDA:156,27,1,25
BRDA:156,28,0,28
BRDA:156,28,1,26
BRDA:158,29,0,4
BRDA:158,29,1,21
BRDA:159,30,0,0
BRDA:159,30,1,21
BRDA:160,31,0,0
BRDA:160,31,1,21
BRDA:161,32,0,0
BRDA:161,32,1,21
BRDA:161,33,0,21
BRDA:161,33,1,0
BRDA:163,34,0,0
BRDA:163,34,1,21
BRDA:163,35,0,21
BRDA:163,35,1,0
BRDA:164,36,0,0
BRDA:164,36,1,21
BRDA:187,37,0,1
BRDA:187,37,1,28
BRDA:189,38,0,28
BRDA:189,38,1,3
BRDA:193,39,0,4
BRDA:193,39,1,25
BRDA:196,40,0,4
BRDA:196,40,1,0
BRDA:200,41,0,0
BRDA:200,41,1,24
BRDA:200,42,0,24
BRDA:200,42,1,24
BRDA:200,42,2,24
BRDA:201,43,0,0
BRDA:201,43,1,0
BRDA:205,44,0,2
BRDA:205,44,1,22
BRDA:209,45,0,2
BRDA:209,45,1,0
BRDA:211,46,0,0
BRDA:211,46,1,2
BRDA:215,47,0,0
BRDA:215,47,1,22
BRDA:219,48,0,0
BRDA:219,48,1,0
BRDA:226,49,0,0
BRDA:226,49,1,22
BRDA:226,50,0,22
BRDA:226,50,1,0
BRDA:226,50,2,22
BRDA:227,51,0,0
BRDA:227,51,1,0
BRDA:230,52,0,1
BRDA:230,52,1,21
BRDA:230,53,0,22
BRDA:230,53,1,1
BRDA:231,54,0,1
BRDA:231,54,1,1
BRDA:235,55,0,3
BRDA:235,55,1,18
BRDA:235,56,0,21
BRDA:235,56,1,19
BRDA:240,57,0,3
BRDA:240,57,1,15
BRDA:240,58,0,18
BRDA:240,58,1,16
BRDA:245,59,0,10
BRDA:245,59,1,5
BRDA:245,60,0,15
BRDA:245,60,1,15
BRDA:245,60,2,15
BRDA:245,60,3,9
BRDA:245,60,4,8
BRDA:245,60,5,8
BRDA:250,61,0,10
BRDA:250,61,1,3
BRDA:310,62,0,12
BRDA:310,62,1,3
BRDA:310,63,0,15
BRDA:310,63,1,3
BRDA:313,64,0,0
BRDA:313,64,1,6
BRDA:313,65,0,6
BRDA:313,65,1,6
BRDA:314,66,0,2
BRDA:314,66,1,4
BRDA:314,67,0,6
BRDA:314,67,1,4
BRDA:315,68,0,2
BRDA:315,68,1,0
BRDA:318,69,0,3
BRDA:318,69,1,1
BRDA:322,70,0,3
BRDA:322,70,1,0
BRDA:336,71,0,25
BRDA:336,72,0,25
BRDA:381,73,0,11
BRDA:382,74,0,11
BRDA:382,74,1,11
BRDA:383,75,0,0
BRDA:383,75,1,11
BRDA:387,76,0,0
BRDA:387,76,1,11
BRDA:399,77,0,1
BRDA:399,77,1,10
BRDA:403,78,0,0
BRDA:403,78,1,1
BRDA:405,79,0,2
BRDA:405,79,1,8
BRDA:407,80,0,0
BRDA:407,80,1,2
BRDA:407,81,0,0
BRDA:407,81,1,0
BRDA:407,82,0,2
BRDA:407,82,1,0
BRDA:413,83,0,2
BRDA:413,83,1,2
BRDA:418,84,0,0
BRDA:418,84,1,8
BRDA:418,85,0,0
BRDA:418,85,1,0
BRDA:418,86,0,8
BRDA:418,86,1,0
BRDA:419,87,0,3
BRDA:419,87,1,5
BRDA:429,88,0,2
BRDA:429,88,1,7
BRDA:444,89,0,2
BRDA:444,89,1,1
BRDA:460,90,0,1
BRDA:460,90,1,2
BRDA:492,91,0,4
BRDA:493,92,0,4
BRDA:493,92,1,4
BRDA:494,93,0,0
BRDA:494,93,1,4
BRDA:498,94,0,0
BRDA:498,94,1,4
BRDA:506,95,0,0
BRDA:506,95,1,4
BRDA:508,96,0,4
BRDA:508,96,1,0
BRDA:513,97,0,0
BRDA:513,97,1,4
BRDA:524,98,0,1
BRDA:524,98,1,7
BRDA:526,99,0,6
BRDA:526,99,1,1
BRDA:549,100,0,7
BRDA:549,100,1,5
BRDA:551,101,0,6
BRDA:551,101,1,1
BRDA:554,102,0,1
BRDA:554,102,1,5
BRDA:554,103,0,6
BRDA:554,103,1,2
BRDA:561,104,0,1
BRDA:561,104,1,4
BRDA:567,105,0,4
BRDA:567,105,1,3
BRDA:568,106,0,6
BRDA:568,106,1,4
BRDA:571,107,0,2
BRDA:571,107,1,2
BRDA:572,108,0,2
BRDA:572,108,1,1
BRDA:644,109,0,17
BRDA:644,110,0,17
BRDA:647,111,0,17
BRDA:654,112,0,11
BRDA:654,112,1,6
BRDA:656,113,0,8
BRDA:656,113,1,3
BRDA:660,114,0,8
BRDA:660,114,1,8
BRDA:662,115,0,6
BRDA:662,115,1,2
BRDA:662,116,0,8
BRDA:662,116,1,8
BRDA:664,117,0,6
BRDA:664,117,1,2
BRDA:664,117,2,5
BRDA:667,118,0,6
BRDA:667,118,1,0
BRDA:673,119,0,3
BRDA:673,119,1,2
BRDA:675,120,0,3
BRDA:675,120,1,3
BRDA:678,121,0,1
BRDA:678,121,1,2
BRDA:678,122,0,3
BRDA:678,122,1,1
BRDA:681,123,0,1
BRDA:681,123,1,0
BRDA:681,123,2,1
BRDA:684,124,0,1
BRDA:684,124,1,0
BRDA:692,125,0,2
BRDA:692,125,1,1
BRDA:694,126,0,1
BRDA:694,126,1,2
BRDA:694,127,0,3
BRDA:694,127,1,1
BRDA:695,128,0,1
BRDA:695,128,1,0
BRDA:695,128,2,1
BRDA:698,129,0,1
BRDA:698,129,1,0
BRDA:709,130,0,2
BRDA:709,130,1,6
BRDA:715,131,0,1
BRDA:715,131,1,5
BRDA:716,132,0,1
BRDA:716,132,1,0
BRDA:723,133,0,3
BRDA:723,133,1,2
BRDA:724,134,0,3
BRDA:724,134,1,3
BRDA:725,135,0,3
BRDA:725,135,1,3
BRDA:730,136,0,0
BRDA:730,136,1,2
BRF:276
BRH:197
end_of_record
TN:
SF:server\lib\attention-feed.js
FN:27,safeDate
FN:33,daysSince
FN:38,hoursSince
FN:48,detectStalePinned
FN:74,detectAbandoned
FN:100,detectHotToday
FN:126,detectFailedMigrations
FN:142,(anonymous_7)
FN:173,computeAttentionFeed
FN:185,(anonymous_9)
FN:195,(anonymous_10)
FNF:11
FNH:11
FNDA:42,safeDate
FNDA:20,daysSince
FNDA:20,hoursSince
FNDA:10,detectStalePinned
FNDA:10,detectAbandoned
FNDA:10,detectHotToday
FNDA:10,detectFailedMigrations
FNDA:2,(anonymous_7)
FNDA:10,computeAttentionFeed
FNDA:14,(anonymous_9)
FNDA:15,(anonymous_10)
DA:16,1
DA:17,1
DA:18,1
DA:19,1
DA:21,1
DA:28,42
DA:29,42
DA:30,42
DA:34,20
DA:35,20
DA:39,20
DA:40,20
DA:49,10
DA:50,10
DA:51,21
DA:52,17
DA:53,17
DA:54,17
DA:55,17
DA:66,10
DA:75,10
DA:76,10
DA:77,21
DA:78,3
DA:79,3
DA:80,3
DA:81,1
DA:92,10
DA:101,10
DA:102,10
DA:103,21
DA:104,20
DA:105,20
DA:106,20
DA:107,2
DA:118,10
DA:127,10
DA:128,10
DA:129,10
DA:139,0
DA:142,10
DA:143,2
DA:145,2
DA:146,2
DA:160,1
DA:174,10
DA:178,10
DA:185,10
DA:186,14
DA:187,14
DA:188,11
DA:189,14
DA:190,14
DA:191,9
DA:194,10
DA:195,10
DA:196,15
DA:197,15
DA:200,10
LF:59
LH:58
BRDA:28,0,0,0
BRDA:28,0,1,42
BRDA:30,1,0,0
BRDA:30,1,1,42
BRDA:34,2,0,0
BRDA:34,2,1,20
BRDA:39,3,0,0
BRDA:39,3,1,20
BRDA:51,4,0,4
BRDA:51,4,1,17
BRDA:51,5,0,21
BRDA:51,5,1,17
BRDA:54,6,0,17
BRDA:54,6,1,0
BRDA:54,7,0,17
BRDA:54,7,1,17
BRDA:58,8,0,3
BRDA:58,8,1,14
BRDA:62,9,0,17
BRDA:62,9,1,0
BRDA:77,10,0,18
BRDA:77,10,1,3
BRDA:77,11,0,21
BRDA:77,11,1,4
BRDA:80,12,0,1
BRDA:80,12,1,2
BRDA:80,13,0,3
BRDA:80,13,1,3
BRDA:88,14,0,1
BRDA:88,14,1,0
BRDA:103,15,0,1
BRDA:103,15,1,20
BRDA:106,16,0,2
BRDA:106,16,1,18
BRDA:106,17,0,20
BRDA:106,17,1,20
BRDA:106,17,2,20
BRDA:114,18,0,2
BRDA:114,18,1,0
BRDA:143,19,0,2
BRDA:143,19,1,0
BRDA:144,20,0,0
BRDA:144,20,1,0
BRDA:144,21,0,0
BRDA:144,21,1,0
BRDA:152,22,0,2
BRDA:152,22,1,0
BRDA:155,23,0,2
BRDA:155,23,1,0
BRDA:173,24,0,10
BRDA:173,25,0,10
BRDA:173,26,0,10
BRDA:186,27,0,14
BRDA:186,27,1,0
BRDA:186,28,0,14
BRDA:186,28,1,0
BRDA:187,29,0,3
BRDA:187,29,1,11
BRDA:188,30,0,11
BRDA:188,30,1,0
BRDA:189,31,0,11
BRDA:189,31,1,0
BRDA:190,32,0,2
BRDA:190,32,1,12
BRDA:196,33,0,15
BRDA:196,33,1,11
BRF:66
BRH:47
end_of_record
TN:
SF:server\lib\attention-narrative.js
FN:37,hashSignal
FN:46,buildCacheKey
FN:53,readCachedNarrative
FN:60,writeCachedNarrative
FN:67,clearNarrativeCache
FN:77,buildPrompt
FN:102,shapeNarrative
FNF:7
FNH:7
FNDA:29,hashSignal
FNDA:22,buildCacheKey
FNDA:10,readCachedNarrative
FNDA:7,writeCachedNarrative
FNDA:21,clearNarrativeCache
FNDA:7,buildPrompt
FNDA:12,shapeNarrative
DA:16,11
DA:17,11
DA:18,11
DA:20,11
DA:29,11
DA:38,29
DA:39,29
DA:47,22
DA:54,10
DA:61,7
DA:68,21
DA:78,7
DA:79,7
DA:80,7
DA:103,12
DA:104,9
DA:108,9
DA:110,1
DA:111,1
DA:112,1
DA:115,11
LF:21
LH:21
BRDA:38,0,0,29
BRDA:38,0,1,2
BRDA:47,1,0,22
BRDA:47,1,1,0
BRDA:78,2,0,7
BRDA:78,2,1,1
BRDA:79,3,0,7
BRDA:79,3,1,0
BRDA:103,4,0,3
BRDA:103,4,1,9
BRDA:108,5,0,8
BRDA:108,5,1,1
BRDA:112,6,0,1
BRDA:112,6,1,0
BRF:14
BRH:11
end_of_record
TN:
SF:server\lib\audit.js
FN:16,computeRowHash
FN:53,auditLog
FN:133,auditLogDirect
FN:206,verifyAuditChain
FNF:4
FNH:3
FNDA:28,computeRowHash
FNDA:19,auditLog
FNDA:0,auditLogDirect
FNDA:4,verifyAuditChain
DA:17,28
DA:27,28
DA:54,19
DA:55,19
DA:56,19
DA:57,19
DA:58,19
DA:59,19
DA:62,19
DA:65,19
DA:69,19
DA:72,19
DA:76,19
DA:79,19
DA:91,19
DA:110,19
DA:111,0
DA:117,0
DA:134,0
DA:135,0
DA:136,0
DA:139,0
DA:142,0
DA:145,0
DA:148,0
DA:151,0
DA:154,0
DA:166,0
DA:182,0
DA:183,0
DA:189,0
DA:207,4
DA:212,4
DA:213,4
DA:215,4
DA:216,4
DA:217,4
DA:218,4
DA:220,4
DA:222,4
DA:223,1
DA:226,3
DA:228,3
DA:229,7
DA:232,7
DA:233,0
DA:237,7
DA:238,7
DA:239,1
DA:242,6
DA:245,2
LF:51
LH:35
BRDA:18,0,0,28
BRDA:18,0,1,0
BRDA:19,1,0,28
BRDA:19,1,1,0
BRDA:20,2,0,28
BRDA:20,2,1,0
BRDA:21,3,0,28
BRDA:21,3,1,0
BRDA:22,4,0,28
BRDA:22,4,1,0
BRDA:23,5,0,28
BRDA:23,5,1,0
BRDA:24,6,0,28
BRDA:24,6,1,0
BRDA:25,7,0,28
BRDA:25,7,1,0
BRDA:53,8,0,19
BRDA:55,9,0,19
BRDA:55,9,1,19
BRDA:55,9,2,0
BRDA:57,10,0,19
BRDA:57,10,1,0
BRDA:58,11,0,19
BRDA:58,11,1,3
BRDA:59,12,0,19
BRDA:59,12,1,19
BRDA:65,13,0,19
BRDA:65,13,1,11
BRDA:72,14,0,8
BRDA:72,14,1,11
BRDA:83,15,0,19
BRDA:83,15,1,0
BRDA:100,16,0,19
BRDA:100,16,1,0
BRDA:110,17,0,0
BRDA:110,17,1,19
BRDA:133,18,0,0
BRDA:135,19,0,0
BRDA:135,19,1,0
BRDA:142,20,0,0
BRDA:142,20,1,0
BRDA:148,21,0,0
BRDA:148,21,1,0
BRDA:158,22,0,0
BRDA:158,22,1,0
BRDA:175,23,0,0
BRDA:175,23,1,0
BRDA:182,24,0,0
BRDA:182,24,1,0
BRDA:206,25,0,4
BRDA:215,26,0,1
BRDA:215,26,1,3
BRDA:216,27,0,1
BRDA:216,27,1,3
BRDA:217,28,0,1
BRDA:217,28,1,3
BRDA:222,29,0,1
BRDA:222,29,1,3
BRDA:232,30,0,0
BRDA:232,30,1,7
BRDA:232,31,0,7
BRDA:232,31,1,4
BRDA:238,32,0,1
BRDA:238,32,1,6
BRF:64
BRH:37
end_of_record
TN:
SF:server\lib\bulk-confirmation.js
FN:27,getSecret
FN:50,sha256hex
FN:54,b64url
FN:58,parseB64url
FN:66,sign
FN:71,canonicalStringify
FN:74,(anonymous_6)
FN:77,normalizeRepos
FN:78,(anonymous_8)
FN:81,timingSafeEquals
FN:106,issueToken
FN:140,verifyToken
FNF:12
FNH:12
FNDA:9,getSecret
FNDA:15,sha256hex
FNDA:10,b64url
FNDA:4,parseB64url
FNDA:9,sign
FNDA:11,canonicalStringify
FNDA:4,(anonymous_6)
FNDA:8,normalizeRepos
FNDA:10,(anonymous_8)
FNDA:4,timingSafeEquals
FNDA:5,issueToken
FNDA:4,verifyToken
DA:25,10
DA:28,9
DA:29,5
DA:30,0
DA:32,5
DA:33,9
DA:34,0
DA:36,5
DA:38,5
DA:40,5
DA:47,10
DA:48,10
DA:51,15
DA:55,10
DA:59,4
DA:60,4
DA:62,0
DA:67,9
DA:68,9
DA:72,11
DA:73,9
DA:74,9
DA:78,10
DA:82,4
DA:83,4
DA:84,4
DA:86,0
DA:87,0
DA:89,4
DA:107,5
DA:108,5
DA:110,5
DA:112,5
DA:113,5
DA:122,5
DA:123,5
DA:124,5
DA:126,5
DA:141,4
DA:142,0
DA:145,4
DA:146,4
DA:147,0
DA:150,4
DA:153,4
DA:154,4
DA:155,4
DA:156,0
DA:160,4
DA:161,4
DA:162,0
DA:166,4
DA:167,4
DA:168,1
DA:172,3
DA:173,0
DA:177,3
DA:178,0
DA:182,3
DA:183,3
DA:184,3
DA:185,1
DA:189,2
DA:190,2
DA:191,1
DA:194,1
LF:66
LH:55
BRDA:28,0,0,4
BRDA:28,0,1,5
BRDA:29,1,0,0
BRDA:29,1,1,5
BRDA:29,2,0,5
BRDA:29,2,1,0
BRDA:29,2,2,0
BRDA:32,3,0,5
BRDA:32,3,1,5
BRDA:33,4,0,0
BRDA:33,4,1,5
BRDA:72,5,0,2
BRDA:72,5,1,9
BRDA:72,6,0,11
BRDA:72,6,1,11
BRDA:72,6,2,9
BRDA:84,7,0,0
BRDA:84,7,1,4
BRDA:106,8,0,5
BRDA:140,9,0,4
BRDA:141,10,0,0
BRDA:141,10,1,4
BRDA:141,11,0,4
BRDA:141,11,1,4
BRDA:146,12,0,0
BRDA:146,12,1,4
BRDA:155,13,0,0
BRDA:155,13,1,4
BRDA:161,14,0,0
BRDA:161,14,1,4
BRDA:167,15,0,1
BRDA:167,15,1,3
BRDA:167,16,0,4
BRDA:167,16,1,4
BRDA:172,17,0,0
BRDA:172,17,1,3
BRDA:177,18,0,0
BRDA:177,18,1,3
BRDA:184,19,0,1
BRDA:184,19,1,2
BRDA:190,20,0,1
BRDA:190,20,1,1
BRF:42
BRH:31
end_of_record
TN:
SF:server\lib\bulk-helpers.js
FN:30,performBulk
FN:87,(anonymous_1)
FNF:2
FNH:2
FNDA:9,performBulk
FNDA:1,(anonymous_1)
DA:12,10
DA:31,9
DA:36,9
DA:37,4
DA:38,4
DA:49,5
DA:50,5
DA:51,1
DA:58,4
DA:59,4
DA:60,3
DA:70,1
DA:75,1
DA:76,1
DA:77,1
DA:78,1
DA:79,1
DA:81,0
DA:82,0
DA:83,0
DA:87,1
DA:88,1
DA:93,1
DA:94,1
DA:100,1
DA:101,9
LF:26
LH:23
BRDA:30,0,0,9
BRDA:31,1,0,9
BRDA:31,1,1,9
BRDA:36,2,0,4
BRDA:36,2,1,5
BRDA:50,3,0,1
BRDA:50,3,1,4
BRDA:59,4,0,3
BRDA:59,4,1,1
BRDA:82,5,0,0
BRDA:82,5,1,0
BRDA:93,6,0,1
BRDA:93,6,1,0
BRDA:100,7,0,1
BRDA:100,7,1,0
BRDA:100,8,0,0
BRDA:100,8,1,0
BRF:17
BRH:11
end_of_record
TN:
SF:server\lib\commit-style-detector.js
FN:5,detectCommitStyle
FN:46,(anonymous_1)
FN:69,(anonymous_2)
FNF:3
FNH:3
FNDA:6,detectCommitStyle
FNDA:13,(anonymous_1)
FNDA:35,(anonymous_2)
DA:1,1
DA:2,1
DA:3,1
DA:6,6
DA:7,1
DA:10,5
DA:11,5
DA:12,5
DA:13,5
DA:14,5
DA:16,5
DA:17,40
DA:19,40
DA:20,25
DA:21,25
DA:22,25
DA:25,40
DA:26,5
DA:29,40
DA:30,40
DA:31,5
DA:32,5
DA:33,1
DA:34,1
DA:39,5
DA:40,5
DA:46,13
DA:47,5
DA:48,5
DA:50,5
DA:51,1
DA:60,4
DA:66,6
DA:70,35
DA:71,35
DA:72,10
DA:73,5
DA:74,0
LF:38
LH:37
BRDA:6,0,0,1
BRDA:6,0,1,5
BRDA:6,1,0,6
BRDA:6,1,1,6
BRDA:19,2,0,25
BRDA:19,2,1,15
BRDA:22,3,0,25
BRDA:22,3,1,0
BRDA:22,4,0,25
BRDA:22,4,1,5
BRDA:25,5,0,5
BRDA:25,5,1,35
BRDA:30,6,0,5
BRDA:30,6,1,35
BRDA:32,7,0,1
BRDA:32,7,1,4
BRDA:34,8,0,1
BRDA:34,8,1,0
BRDA:50,9,0,1
BRDA:50,9,1,4
BRDA:63,10,0,4
BRDA:63,10,1,3
BRDA:71,11,0,25
BRDA:71,11,1,10
BRDA:72,12,0,5
BRDA:72,12,1,5
BRDA:73,13,0,5
BRDA:73,13,1,0
BRF:28
BRH:25
end_of_record
TN:
SF:server\lib\credential-encryption.js
FN:15,deriveKey
FN:46,encryptCredentials
FN:57,decryptCredentials
FN:70,isSchedulingEnabled
FNF:4
FNH:4
FNDA:21,deriveKey
FNDA:15,encryptCredentials
FNDA:6,decryptCredentials
FNDA:2,isSchedulingEnabled
DA:4,9
DA:5,9
DA:6,9
DA:7,9
DA:8,9
DA:9,9
DA:13,9
DA:16,21
DA:17,21
DA:18,21
DA:20,21
DA:21,21
DA:25,6
DA:26,0
DA:28,6
DA:29,6
DA:30,1
DA:35,1
DA:37,6
DA:40,21
DA:41,21
DA:42,21
DA:43,21
DA:47,15
DA:48,15
DA:49,15
DA:50,15
DA:51,15
DA:52,15
DA:53,15
DA:54,15
DA:58,6
DA:59,6
DA:60,6
DA:61,6
DA:62,6
DA:63,6
DA:64,6
DA:65,6
DA:66,6
DA:67,6
DA:71,2
LF:42
LH:41
BRDA:21,0,0,6
BRDA:21,0,1,15
BRDA:25,1,0,0
BRDA:25,1,1,6
BRDA:28,2,0,6
BRDA:28,2,1,0
BRDA:29,3,0,1
BRDA:29,3,1,5
BRDA:40,4,0,0
BRDA:40,4,1,21
BRF:10
BRH:7
end_of_record
TN:
SF:server\lib\db-adapter.js
FN:23,createDatabaseAdapter
FNF:1
FNH:1
FNDA:42,createDatabaseAdapter
DA:24,42
DA:26,42
DA:27,42
DA:28,42
DA:29,42
DA:32,0
DA:33,0
DA:34,0
DA:35,0
DA:36,0
DA:39,0
LF:11
LH:5
BRDA:24,0,0,42
BRDA:24,0,1,42
BRDA:26,1,0,42
BRDA:26,1,1,0
BRDA:26,2,0,42
BRDA:26,2,1,0
BRDA:32,3,0,0
BRDA:32,3,1,0
BRDA:32,4,0,0
BRDA:32,4,1,0
BRF:10
BRH:4
end_of_record
TN:
SF:server\lib\email-retry-worker.js
FN:32,computeNextRetryIso
FN:44,runEmailRetryOnce
FN:143,startEmailRetryWorker
FN:145,(anonymous_3)
FN:148,(anonymous_4)
FN:149,(anonymous_5)
FN:159,stopEmailRetryWorker
FNF:7
FNH:1
FNDA:0,computeNextRetryIso
FNDA:3,runEmailRetryOnce
FNDA:0,startEmailRetryWorker
FNDA:0,(anonymous_3)
FNDA:0,(anonymous_4)
FNDA:0,(anonymous_5)
FNDA:0,stopEmailRetryWorker
DA:20,2
DA:21,2
DA:22,2
DA:24,2
DA:33,0
DA:34,0
DA:46,3
DA:47,3
DA:55,0
DA:56,0
DA:59,3
DA:60,3
DA:61,3
DA:63,3
DA:65,2
DA:66,2
DA:73,0
DA:76,2
DA:77,1
DA:78,1
DA:83,1
DA:84,1
DA:89,0
DA:91,1
DA:94,1
DA:96,1
DA:98,1
DA:99,1
DA:105,0
DA:107,1
DA:108,1
DA:112,1
DA:115,0
DA:116,0
DA:117,0
DA:123,0
DA:125,0
DA:126,0
DA:132,3
DA:133,3
DA:134,2
DA:136,3
DA:144,0
DA:145,0
DA:146,0
DA:148,0
DA:149,0
DA:150,0
DA:153,0
DA:160,0
DA:161,0
DA:162,0
LF:52
LH:29
BRDA:73,0,0,0
BRDA:73,0,1,0
BRDA:76,1,0,1
BRDA:76,1,1,1
BRDA:96,2,0,1
BRDA:96,2,1,0
BRDA:103,3,0,1
BRDA:103,3,1,0
BRDA:121,4,0,0
BRDA:121,4,1,0
BRDA:133,5,0,2
BRDA:133,5,1,1
BRDA:143,6,0,0
BRDA:143,7,0,0
BRDA:144,8,0,0
BRDA:144,8,1,0
BRDA:153,9,0,0
BRDA:153,9,1,0
BRDA:160,10,0,0
BRDA:160,10,1,0
BRF:20
BRH:6
end_of_record
TN:
SF:server\lib\email.js
FN:24,htmlToText
FN:45,delay
FN:46,(anonymous_2)
FN:53,toSqliteDatetime
FN:61,sendConsole
FN:76,sendResend
FN:133,resolveProvider
FN:143,attemptSendOnce
FN:153,insertDeadLetter
FN:194,sendEmail
FN:266,isEmailDeliveryConfigured
FNF:11
FNH:11
FNDA:10,htmlToText
FNDA:6,delay
FNDA:6,(anonymous_2)
FNDA:2,toSqliteDatetime
FNDA:2,sendConsole
FNDA:16,sendResend
FNDA:2,resolveProvider
FNDA:2,attemptSendOnce
FNDA:2,insertDeadLetter
FNDA:12,sendEmail
FNDA:3,isEmailDeliveryConfigured
DA:8,17
DA:13,17
DA:16,17
DA:25,10
DA:46,6
DA:54,2
DA:62,2
DA:66,2
DA:77,16
DA:78,16
DA:80,16
DA:81,0
DA:82,0
DA:84,16
DA:85,0
DA:86,0
DA:90,16
DA:91,16
DA:100,0
DA:102,0
DA:105,16
DA:107,11
DA:108,11
DA:110,0
DA:112,11
DA:113,11
DA:115,11
DA:116,11
DA:120,5
DA:121,5
DA:123,0
DA:126,5
DA:134,2
DA:135,2
DA:136,0
DA:144,2
DA:145,2
DA:154,2
DA:155,2
DA:169,2
DA:171,0
DA:172,0
DA:196,12
DA:197,2
DA:198,2
DA:201,10
DA:202,12
DA:205,12
DA:206,2
DA:209,8
DA:210,8
DA:211,14
DA:213,14
DA:214,4
DA:217,10
DA:219,2
DA:223,8
DA:224,6
DA:225,6
DA:226,6
DA:230,6
DA:235,2
DA:236,2
DA:247,12
DA:252,12
DA:267,3
LF:66
LH:55
BRDA:16,0,0,17
BRDA:16,0,1,11
BRDA:63,1,0,2
BRDA:63,1,1,0
BRDA:80,2,0,0
BRDA:80,2,1,16
BRDA:84,3,0,0
BRDA:84,3,1,16
BRDA:105,4,0,11
BRDA:105,4,1,5
BRDA:112,5,0,11
BRDA:112,5,1,0
BRDA:112,5,2,0
BRDA:115,6,0,11
BRDA:115,6,1,9
BRDA:134,7,0,2
BRDA:134,7,1,0
BRDA:135,8,0,2
BRDA:135,8,1,0
BRDA:162,9,0,2
BRDA:162,9,1,0
BRDA:163,10,0,2
BRDA:163,10,1,0
BRDA:164,11,0,1
BRDA:164,11,1,1
BRDA:166,12,0,2
BRDA:166,12,1,0
BRDA:194,13,0,12
BRDA:196,14,0,2
BRDA:196,14,1,10
BRDA:196,15,0,12
BRDA:196,15,1,11
BRDA:201,16,0,10
BRDA:201,16,1,10
BRDA:201,17,0,10
BRDA:201,17,1,0
BRDA:202,18,0,12
BRDA:202,18,1,1
BRDA:205,19,0,2
BRDA:205,19,1,10
BRDA:213,20,0,4
BRDA:213,20,1,10
BRDA:217,21,0,2
BRDA:217,21,1,8
BRDA:223,22,0,6
BRDA:223,22,1,2
BRDA:243,23,0,2
BRDA:243,23,1,0
BRDA:254,24,0,12
BRDA:254,24,1,0
BRDA:255,25,0,2
BRDA:255,25,1,0
BRF:52
BRH:38
end_of_record
TN:
SF:server\lib\event-aggregations.js
FN:21,repoIdsFilter
FN:25,(anonymous_1)
FN:29,daysSince
FN:34,hoursSince
FN:51,listMyPendingReviews
FN:75,(anonymous_5)
FN:94,listStalePRs
FN:120,(anonymous_7)
FN:138,listMyOpenIssues
FN:189,(anonymous_9)
FN:223,deployFrequency
FN:240,(anonymous_11)
FN:243,(anonymous_12)
FN:260,leadTimeForChanges
FN:285,(anonymous_14)
FN:286,(anonymous_15)
FN:287,(anonymous_16)
FN:289,(anonymous_17)
FN:328,listTechDebtIssues
FN:330,(anonymous_19)
FN:371,(anonymous_20)
FN:372,(anonymous_21)
FN:396,techDebtHotspots
FN:405,(anonymous_23)
FN:423,changeFailureRate
FN:446,(anonymous_25)
FN:447,(anonymous_26)
FN:471,meanTimeToRecovery
FN:494,(anonymous_28)
FN:496,(anonymous_29)
FN:497,(anonymous_30)
FN:498,(anonymous_31)
FN:499,(anonymous_32)
FN:505,(anonymous_33)
FN:531,reviewLoadByReviewer
FN:547,(anonymous_35)
FNF:36
FNH:36
FNDA:27,repoIdsFilter
FNDA:8,(anonymous_1)
FNDA:9,daysSince
FNDA:5,hoursSince
FNDA:11,listMyPendingReviews
FNDA:5,(anonymous_5)
FNDA:4,listStalePRs
FNDA:1,(anonymous_7)
FNDA:5,listMyOpenIssues
FNDA:2,(anonymous_9)
FNDA:4,deployFrequency
FNDA:2,(anonymous_11)
FNDA:2,(anonymous_12)
FNDA:3,leadTimeForChanges
FNDA:5,(anonymous_14)
FNDA:5,(anonymous_15)
FNDA:4,(anonymous_16)
FNDA:3,(anonymous_17)
FNDA:6,listTechDebtIssues
FNDA:34,(anonymous_19)
FNDA:9,(anonymous_20)
FNDA:9,(anonymous_21)
FNDA:1,techDebtHotspots
FNDA:1,(anonymous_23)
FNDA:3,changeFailureRate
FNDA:12,(anonymous_25)
FNDA:12,(anonymous_26)
FNDA:3,meanTimeToRecovery
FNDA:8,(anonymous_28)
FNDA:8,(anonymous_29)
FNDA:6,(anonymous_30)
FNDA:6,(anonymous_31)
FNDA:4,(anonymous_32)
FNDA:6,(anonymous_33)
FNDA:4,reviewLoadByReviewer
FNDA:2,(anonymous_35)
DA:22,27
DA:23,23
DA:25,8
DA:26,4
DA:30,9
DA:31,9
DA:35,5
DA:36,5
DA:52,11
DA:54,8
DA:75,8
DA:95,4
DA:96,4
DA:99,4
DA:120,4
DA:139,5
DA:143,3
DA:189,3
DA:191,2
DA:192,2
DA:193,2
DA:195,1
DA:196,1
DA:198,1
DA:224,4
DA:225,4
DA:227,4
DA:240,4
DA:241,4
DA:243,2
DA:261,3
DA:262,3
DA:265,3
DA:280,3
DA:281,2
DA:284,1
DA:285,5
DA:286,5
DA:287,4
DA:289,1
DA:290,3
DA:291,3
DA:294,1
DA:306,3
DA:329,6
DA:330,34
DA:331,6
DA:335,6
DA:367,6
DA:368,6
DA:369,10
DA:370,10
DA:371,10
DA:372,10
DA:374,7
DA:375,7
DA:377,7
DA:387,10
DA:389,6
DA:397,1
DA:398,1
DA:399,1
DA:400,3
DA:401,3
DA:402,3
DA:403,3
DA:405,1
DA:424,3
DA:425,3
DA:428,3
DA:442,3
DA:443,3
DA:444,1
DA:446,12
DA:447,12
DA:448,2
DA:472,3
DA:473,3
DA:475,3
DA:494,8
DA:495,3
DA:496,8
DA:497,6
DA:498,6
DA:499,4
DA:501,3
DA:502,1
DA:505,2
DA:506,6
DA:507,6
DA:510,2
DA:532,4
DA:533,4
DA:535,4
DA:547,4
LF:95
LH:95
BRDA:22,0,0,23
BRDA:22,0,1,4
BRDA:22,1,0,27
BRDA:22,1,1,5
BRDA:51,2,0,11
BRDA:52,3,0,3
BRDA:52,3,1,8
BRDA:77,4,0,5
BRDA:77,4,1,0
BRDA:94,5,0,4
BRDA:94,6,0,4
BRDA:94,7,0,4
BRDA:122,8,0,1
BRDA:122,8,1,0
BRDA:138,9,0,5
BRDA:139,10,0,2
BRDA:139,10,1,3
BRDA:192,11,0,2
BRDA:192,11,1,0
BRDA:192,11,2,0
BRDA:193,12,0,1
BRDA:193,12,1,1
BRDA:196,13,0,1
BRDA:196,13,1,0
BRDA:196,13,2,0
BRDA:201,14,0,1
BRDA:201,14,1,1
BRDA:201,14,2,1
BRDA:204,15,0,1
BRDA:204,15,1,0
BRDA:223,16,0,4
BRDA:223,17,0,4
BRDA:224,18,0,1
BRDA:224,18,1,3
BRDA:260,19,0,3
BRDA:261,20,0,0
BRDA:261,20,1,3
BRDA:280,21,0,2
BRDA:280,21,1,1
BRDA:328,22,0,6
BRDA:328,23,0,6
BRDA:329,24,0,2
BRDA:329,24,1,4
BRDA:329,25,0,6
BRDA:329,25,1,2
BRDA:370,26,0,10
BRDA:370,26,1,0
BRDA:372,27,0,3
BRDA:372,27,1,7
BRDA:375,28,0,7
BRDA:375,28,1,0
BRDA:380,29,0,7
BRDA:380,29,1,0
BRDA:382,30,0,10
BRDA:382,30,1,6
BRDA:385,31,0,7
BRDA:385,31,1,0
BRDA:387,32,0,1
BRDA:387,32,1,9
BRDA:396,33,0,1
BRDA:400,34,0,3
BRDA:400,34,1,2
BRDA:402,35,0,2
BRDA:402,35,1,1
BRDA:402,36,0,3
BRDA:402,36,1,3
BRDA:423,37,0,3
BRDA:423,38,0,3
BRDA:424,39,0,0
BRDA:424,39,1,3
BRDA:443,40,0,1
BRDA:443,40,1,2
BRDA:446,41,0,12
BRDA:446,41,1,11
BRDA:471,42,0,3
BRDA:471,43,0,3
BRDA:472,44,0,0
BRDA:472,44,1,3
BRDA:501,45,0,1
BRDA:501,45,1,2
BRDA:531,46,0,4
BRDA:532,47,0,1
BRDA:532,47,1,3
BRF:83
BRH:69
end_of_record
TN:
SF:server\lib\feature-flags.js
FN:94,getFeatures
FN:101,canAccess
FN:106,getTierOrder
FNF:3
FNH:2
FNDA:15,getFeatures
FNDA:0,canAccess
FNDA:4,getTierOrder
DA:9,7
DA:95,15
DA:96,0
DA:98,15
DA:102,0
DA:103,0
DA:107,4
DA:108,4
LF:8
LH:5
BRDA:95,0,0,0
BRDA:95,0,1,15
BRDA:98,1,0,15
BRDA:98,1,1,0
BRDA:108,2,0,4
BRDA:108,2,1,0
BRF:6
BRH:3
end_of_record
TN:
SF:server\lib\github-api.js
FN:36,evictOldest
FN:85,resetCircuitBreaker
FN:96,sleep
FN:97,(anonymous_3)
FN:104,computeBackoff
FN:117,isRetryableStatus
FN:123,isNetworkError
FN:138,checkCircuitBreaker
FN:159,recordSuccess
FN:174,recordFailure
FN:205,parseRetryAfter
FN:223,isSecondaryRateLimit
FN:240,githubApi
FN:353,(anonymous_13)
FNF:14
FNH:12
FNDA:0,evictOldest
FNDA:8,resetCircuitBreaker
FNDA:36,sleep
FNDA:36,(anonymous_3)
FNDA:35,computeBackoff
FNDA:60,isRetryableStatus
FNDA:1,isNetworkError
FNDA:21,checkCircuitBreaker
FNDA:6,recordSuccess
FNDA:11,recordFailure
FNDA:1,parseRetryAfter
FNDA:47,isSecondaryRateLimit
FNDA:21,githubApi
FNDA:0,(anonymous_13)
DA:18,4
DA:19,4
DA:22,4
DA:23,4
DA:24,4
DA:27,4
DA:28,4
DA:29,4
DA:32,4
DA:33,4
DA:34,4
DA:37,0
DA:38,0
DA:39,0
DA:48,4
DA:56,4
DA:62,4
DA:74,4
DA:86,8
DA:87,8
DA:88,8
DA:89,8
DA:97,36
DA:105,35
DA:106,35
DA:107,35
DA:118,60
DA:121,4
DA:124,1
DA:125,1
DA:126,1
DA:127,1
DA:129,0
DA:130,0
DA:139,21
DA:140,3
DA:141,3
DA:143,1
DA:144,1
DA:146,2
DA:147,2
DA:148,2
DA:149,2
DA:150,2
DA:152,18
DA:160,6
DA:161,1
DA:163,6
DA:164,6
DA:165,6
DA:175,11
DA:178,11
DA:180,3
DA:181,3
DA:183,8
DA:187,11
DA:188,0
DA:189,0
DA:190,0
DA:191,0
DA:194,11
DA:195,2
DA:196,2
DA:197,2
DA:206,1
DA:207,1
DA:208,1
DA:209,1
DA:211,0
DA:212,0
DA:213,0
DA:214,0
DA:216,0
DA:224,47
DA:225,0
DA:226,47
DA:241,21
DA:242,21
DA:243,21
DA:246,21
DA:247,21
DA:250,19
DA:251,0
DA:252,0
DA:253,0
DA:254,0
DA:256,0
DA:257,0
DA:259,0
DA:260,0
DA:261,0
DA:262,0
DA:263,0
DA:264,0
DA:265,0
DA:271,19
DA:280,19
DA:281,21
DA:282,21
DA:283,0
DA:288,19
DA:289,19
DA:291,19
DA:293,55
DA:295,55
DA:296,55
DA:302,1
DA:305,0
DA:306,1
DA:307,1
DA:310,0
DA:314,55
DA:315,1
DA:316,1
DA:317,1
DA:318,1
DA:319,1
DA:320,1
DA:323,0
DA:324,0
DA:325,0
DA:326,0
DA:327,0
DA:329,0
DA:333,54
DA:334,54
DA:335,54
DA:336,0
DA:338,54
DA:339,0
DA:341,54
DA:342,0
DA:343,0
DA:347,54
DA:348,0
DA:349,0
DA:353,54
DA:355,54
DA:357,6
DA:358,6
DA:359,0
DA:360,0
DA:362,6
DA:363,6
DA:370,48
DA:371,1
DA:372,1
DA:373,1
DA:374,1
DA:375,1
DA:376,1
DA:377,1
DA:382,47
DA:383,34
DA:384,34
DA:385,34
DA:386,34
DA:387,34
DA:392,13
DA:393,11
DA:396,13
DA:401,55
DA:402,55
DA:403,55
LF:164
LH:119
BRDA:118,0,0,60
BRDA:118,0,1,60
BRDA:118,0,2,56
BRDA:124,1,0,0
BRDA:124,1,1,1
BRDA:125,2,0,0
BRDA:125,2,1,1
BRDA:126,3,0,0
BRDA:126,3,1,1
BRDA:127,4,0,1
BRDA:127,4,1,0
BRDA:127,5,0,1
BRDA:127,5,1,1
BRDA:129,6,0,0
BRDA:129,6,1,0
BRDA:129,7,0,0
BRDA:129,7,1,0
BRDA:139,8,0,3
BRDA:139,8,1,18
BRDA:141,9,0,1
BRDA:141,9,1,2
BRDA:160,10,0,1
BRDA:160,10,1,5
BRDA:178,11,0,3
BRDA:178,11,1,8
BRDA:178,12,0,11
BRDA:178,12,1,8
BRDA:187,13,0,0
BRDA:187,13,1,11
BRDA:194,14,0,2
BRDA:194,14,1,9
BRDA:194,15,0,11
BRDA:194,15,1,2
BRDA:206,16,0,0
BRDA:206,16,1,1
BRDA:208,17,0,1
BRDA:208,17,1,0
BRDA:208,18,0,1
BRDA:208,18,1,1
BRDA:212,19,0,0
BRDA:212,19,1,0
BRDA:214,20,0,0
BRDA:214,20,1,0
BRDA:224,21,0,47
BRDA:224,21,1,0
BRDA:225,22,0,0
BRDA:225,22,1,0
BRDA:226,23,0,47
BRDA:226,23,1,0
BRDA:240,24,0,21
BRDA:241,25,0,0
BRDA:241,25,1,21
BRDA:247,26,0,2
BRDA:247,26,1,19
BRDA:250,27,0,0
BRDA:250,27,1,19
BRDA:250,28,0,19
BRDA:250,28,1,0
BRDA:250,28,2,0
BRDA:252,29,0,0
BRDA:252,29,1,0
BRDA:254,30,0,0
BRDA:254,30,1,0
BRDA:280,31,0,19
BRDA:280,31,1,19
BRDA:282,32,0,0
BRDA:282,32,1,21
BRDA:282,33,0,21
BRDA:282,33,1,19
BRDA:299,34,0,55
BRDA:299,34,1,55
BRDA:302,35,0,0
BRDA:302,35,1,1
BRDA:302,36,0,1
BRDA:302,36,1,1
BRDA:306,37,0,1
BRDA:306,37,1,0
BRDA:314,38,0,1
BRDA:314,38,1,54
BRDA:315,39,0,1
BRDA:315,39,1,0
BRDA:318,40,0,1
BRDA:318,40,1,0
BRDA:324,41,0,0
BRDA:324,41,1,0
BRDA:324,42,0,0
BRDA:324,42,1,0
BRDA:335,43,0,0
BRDA:335,43,1,54
BRDA:338,44,0,0
BRDA:338,44,1,54
BRDA:341,45,0,0
BRDA:341,45,1,54
BRDA:341,46,0,54
BRDA:341,46,1,0
BRDA:342,47,0,0
BRDA:342,47,1,0
BRDA:347,48,0,0
BRDA:347,48,1,54
BRDA:347,49,0,54
BRDA:347,49,1,0
BRDA:355,50,0,6
BRDA:355,50,1,48
BRDA:358,51,0,0
BRDA:358,51,1,6
BRDA:358,52,0,6
BRDA:358,52,1,6
BRDA:370,53,0,1
BRDA:370,53,1,47
BRDA:370,54,0,48
BRDA:370,54,1,47
BRDA:370,54,2,1
BRDA:372,55,0,1
BRDA:372,55,1,0
BRDA:382,56,0,34
BRDA:382,56,1,13
BRDA:382,57,0,47
BRDA:382,57,1,45
BRDA:392,58,0,11
BRDA:392,58,1,2
BRDA:397,59,0,0
BRDA:397,59,1,13
BRDA:399,60,0,13
[...]
DA:105,25
DA:108,43
DA:109,43
DA:115,36
DA:116,34
DA:117,34
DA:118,34
DA:122,34
DA:123,16
DA:124,16
DA:125,16
DA:126,16
DA:128,34
DA:131,34
DA:141,37
DA:142,34
DA:146,38
DA:147,38
DA:154,16
DA:155,16
DA:163,25
DA:166,7
DA:167,7
DA:171,3
DA:172,1
DA:177,25
DA:194,50
DA:195,50
DA:196,50
DA:197,50
DA:198,50
DA:199,50
DA:200,50
DA:201,50
DA:207,37
DA:208,1
DA:211,36
DA:212,2
DA:217,34
DA:219,3
DA:222,31
DA:223,7
DA:226,24
DA:228,2
DA:229,2
DA:231,3
DA:233,1
DA:236,3
DA:238,4
DA:243,7
DA:245,4
DA:246,2
DA:248,2
DA:261,0
DA:262,0
DA:267,0
DA:268,0
DA:269,0
DA:277,0
DA:278,0
DA:281,0
DA:282,0
DA:283,0
DA:285,0
DA:288,25
DA:289,25
DA:291,0
DA:292,0
DA:298,25
DA:307,11
DA:308,11
DA:309,11
DA:313,25
DA:317,38
DA:320,38
DA:321,0
DA:327,38
DA:328,38
DA:329,38
DA:330,15
DA:331,15
DA:332,15
DA:342,38
DA:343,38
DA:345,38
DA:347,44
DA:352,0
DA:353,0
DA:355,0
DA:358,44
DA:360,44
DA:361,44
DA:363,44
DA:368,34
DA:371,34
DA:372,22
DA:376,12
DA:377,12
DA:382,12
DA:387,2
DA:388,2
DA:389,2
DA:390,2
DA:391,2
DA:396,2
DA:397,2
DA:404,10
DA:405,3
DA:406,3
DA:407,3
DA:411,3
DA:415,10
DA:416,44
DA:421,44
DA:429,44
DA:430,7
DA:433,3
DA:437,17
DA:438,7
DA:443,7
DA:448,0
DA:450,7
DA:452,0
DA:455,10
DA:456,10
DA:457,1
DA:462,0
DA:464,1
DA:470,12
DA:471,11
DA:472,11
DA:476,7
DA:481,25
DA:482,12
DA:483,12
DA:484,5
DA:485,5
DA:487,1
DA:488,1
DA:491,7
DA:492,7
DA:496,8
DA:497,10
DA:498,8
DA:499,8
DA:500,10
DA:501,10
DA:502,8
DA:503,8
DA:504,8
DA:507,7
DA:508,4
DA:509,4
DA:510,4
DA:511,1
DA:518,14
DA:523,7
LF:184
LH:159
BRDA:58,0,0,1
BRDA:58,0,1,1
BRDA:67,1,0,2
BRDA:67,1,1,0
BRDA:74,2,0,0
BRDA:74,2,1,0
BRDA:76,3,0,0
BRDA:76,3,1,0
BRDA:79,4,0,2
BRDA:80,5,0,0
BRDA:80,5,1,2
BRDA:88,6,0,2
BRDA:88,6,1,0
BRDA:115,7,0,2
BRDA:115,7,1,34
BRDA:122,8,0,18
BRDA:122,8,1,16
BRDA:124,9,0,0
BRDA:124,9,1,16
BRDA:141,10,0,3
BRDA:141,10,1,34
BRDA:146,11,0,38
BRDA:146,11,1,21
BRDA:154,12,0,0
BRDA:154,12,1,16
BRDA:193,13,0,50
BRDA:193,14,0,50
BRDA:193,15,0,50
BRDA:194,16,0,50
BRDA:194,16,1,45
BRDA:194,16,2,0
BRDA:201,17,0,50
BRDA:201,17,1,0
BRDA:206,18,0,37
BRDA:206,19,0,37
BRDA:207,20,0,1
BRDA:207,20,1,36
BRDA:211,21,0,2
BRDA:211,21,1,34
BRDA:217,22,0,3
BRDA:217,22,1,31
BRDA:217,23,0,34
BRDA:217,23,1,3
BRDA:222,24,0,7
BRDA:222,24,1,24
BRDA:222,25,0,31
BRDA:222,25,1,24
BRDA:226,26,0,24
BRDA:226,26,1,3
BRDA:226,26,2,1
BRDA:226,26,3,1
BRDA:226,26,4,3
BRDA:226,26,5,4
BRDA:226,26,6,4
BRDA:226,26,7,5
BRDA:226,26,8,6
BRDA:226,26,9,7
BRDA:226,26,10,4
BRDA:245,27,0,2
BRDA:245,27,1,2
BRDA:261,28,0,0
BRDA:261,28,1,0
BRDA:262,29,0,0
BRDA:262,29,1,0
BRDA:262,29,2,0
BRDA:262,29,3,0
BRDA:267,30,0,0
BRDA:267,30,1,0
BRDA:268,31,0,0
BRDA:268,31,1,0
BRDA:268,32,0,0
BRDA:268,32,1,0
BRDA:268,32,2,0
BRDA:278,33,0,0
BRDA:278,33,1,0
BRDA:278,34,0,0
BRDA:278,34,1,0
BRDA:281,35,0,0
BRDA:281,35,1,0
BRDA:288,36,0,25
BRDA:288,36,1,0
BRDA:316,37,0,38
BRDA:316,38,0,38
BRDA:320,39,0,0
BRDA:320,39,1,38
BRDA:327,40,0,38
BRDA:327,40,1,16
BRDA:328,41,0,38
BRDA:328,41,1,38
BRDA:329,42,0,15
BRDA:329,42,1,23
BRDA:329,43,0,38
BRDA:329,43,1,15
BRDA:334,44,0,15
BRDA:334,44,1,7
BRDA:347,45,0,0
BRDA:347,45,1,44
BRDA:352,46,0,0
BRDA:352,46,1,0
BRDA:352,47,0,0
BRDA:352,47,1,0
BRDA:371,48,0,22
BRDA:371,48,1,12
BRDA:382,49,0,2
BRDA:382,49,1,10
BRDA:383,50,0,12
BRDA:383,50,1,4
BRDA:383,50,2,3
BRDA:383,50,3,3
BRDA:383,50,4,3
BRDA:393,51,0,2
BRDA:393,51,1,0
BRDA:404,52,0,3
BRDA:404,52,1,7
BRDA:408,53,0,3
BRDA:408,53,1,0
BRDA:409,54,0,2
BRDA:409,54,1,1
BRDA:415,55,0,10
BRDA:415,55,1,0
BRDA:423,56,0,10
BRDA:423,56,1,0
BRDA:425,57,0,3
BRDA:425,57,1,7
BRDA:429,58,0,7
BRDA:429,58,1,37
BRDA:437,59,0,7
BRDA:437,59,1,10
BRDA:438,60,0,7
BRDA:438,60,1,0
BRDA:438,61,0,7
BRDA:438,61,1,0
BRDA:443,62,0,0
BRDA:443,62,1,7
BRDA:444,63,0,7
BRDA:444,63,1,4
BRDA:444,63,2,4
BRDA:444,63,3,4
BRDA:444,63,4,0
BRDA:456,64,0,1
BRDA:456,64,1,9
BRDA:456,65,0,10
BRDA:456,65,1,10
BRDA:457,66,0,0
BRDA:457,66,1,1
BRDA:458,67,0,1
BRDA:458,67,1,0
BRDA:458,67,2,0
BRDA:458,67,3,0
BRDA:458,67,4,0
BRDA:470,68,0,11
BRDA:470,68,1,1
BRDA:476,69,0,7
BRDA:476,69,1,0
BRDA:482,70,0,6
BRDA:482,70,1,6
BRDA:482,71,0,12
BRDA:482,71,1,12
BRDA:482,71,2,6
BRDA:482,72,0,6
BRDA:482,72,1,0
BRDA:483,73,0,5
BRDA:483,73,1,7
BRDA:483,74,0,12
BRDA:483,74,1,8
BRDA:488,75,0,1
BRDA:488,75,1,0
BRDA:501,76,0,8
BRDA:501,76,1,2
BRDA:504,77,0,4
BRDA:504,77,1,4
BRDA:507,78,0,3
BRDA:507,78,1,4
BRDA:510,79,0,3
BRDA:510,79,1,1
BRDA:517,80,0,14
BRDA:517,81,0,14
BRF:177
BRH:124
end_of_record
TN:
SF:src\utils\azureUrlParser.js
FN:8,parseAzureUrl
FN:62,preprocess
FN:74,detectOtherService
FN:93,isOnPremisesTfs
FN:98,parseDevAzureCom
FN:150,parseVisualStudioCom
FN:189,parseShorthand
FNF:7
FNH:7
FNDA:56,parseAzureUrl
FNDA:36,preprocess
FNDA:53,detectOtherService
FNDA:36,isOnPremisesTfs
FNDA:34,parseDevAzureCom
FNDA:6,parseVisualStudioCom
FNDA:11,parseShorthand
DA:9,56
DA:11,56
DA:12,3
DA:15,53
DA:16,53
DA:19,53
DA:20,53
DA:23,48
DA:24,48
DA:25,1
DA:35,47
DA:36,11
DA:40,36
DA:43,36
DA:44,2
DA:52,34
DA:53,34
DA:56,6
DA:57,6
DA:59,1
DA:64,36
DA:66,36
DA:68,36
DA:70,36
DA:71,36
DA:75,53
DA:76,53
DA:77,53
DA:79,12
DA:81,41
DA:82,1
DA:84,40
DA:85,2
DA:87,38
DA:88,2
DA:90,36
DA:94,36
DA:95,36
DA:100,34
DA:101,34
DA:103,28
DA:104,28
DA:106,28
DA:107,1
DA:110,27
DA:112,27
DA:115,27
DA:116,1
DA:117,1
DA:121,26
DA:122,26
DA:125,26
DA:126,8
DA:130,18
DA:131,11
DA:132,11
DA:136,7
DA:137,1
DA:138,1
DA:142,6
DA:143,6
DA:147,0
DA:152,6
DA:153,6
DA:155,5
DA:156,5
DA:158,5
DA:159,0
DA:162,5
DA:164,5
DA:166,5
DA:167,0
DA:170,5
DA:171,5
DA:173,5
DA:174,1
DA:177,4
DA:178,4
DA:179,4
DA:182,0
DA:183,0
DA:186,0
DA:190,11
DA:192,11
DA:193,1
DA:202,10
DA:203,2
DA:212,8
LF:88
LH:82
BRDA:11,0,0,3
BRDA:11,0,1,53
BRDA:11,1,0,56
BRDA:11,1,1,53
BRDA:16,2,0,0
BRDA:16,2,1,53
BRDA:20,3,0,5
BRDA:20,3,1,48
BRDA:24,4,0,1
BRDA:24,4,1,47
BRDA:35,5,0,11
BRDA:35,5,1,36
BRDA:35,6,0,47
BRDA:35,6,1,11
BRDA:43,7,0,2
BRDA:43,7,1,34
BRDA:53,8,0,28
BRDA:53,8,1,6
BRDA:57,9,0,5
BRDA:57,9,1,1
BRDA:81,10,0,1
BRDA:81,10,1,40
BRDA:81,11,0,41
BRDA:81,11,1,40
BRDA:84,12,0,2
BRDA:84,12,1,38
BRDA:84,13,0,40
BRDA:84,13,1,38
BRDA:87,14,0,2
BRDA:87,14,1,36
BRDA:87,15,0,38
BRDA:87,15,1,36
BRDA:95,16,0,36
BRDA:95,16,1,2
BRDA:95,16,2,2
BRDA:101,17,0,6
BRDA:101,17,1,28
BRDA:106,18,0,1
BRDA:106,18,1,27
BRDA:112,19,0,0
BRDA:112,19,1,27
BRDA:115,20,0,1
BRDA:115,20,1,26
BRDA:115,21,0,27
BRDA:115,21,1,1
BRDA:125,22,0,8
BRDA:125,22,1,18
BRDA:130,23,0,11
BRDA:130,23,1,7
BRDA:130,24,0,18
BRDA:130,24,1,11
BRDA:136,25,0,1
BRDA:136,25,1,6
BRDA:136,26,0,7
BRDA:136,26,1,1
BRDA:136,26,2,1
BRDA:136,26,3,1
BRDA:142,27,0,6
BRDA:142,27,1,0
BRDA:153,28,0,1
BRDA:153,28,1,5
BRDA:158,29,0,0
BRDA:158,29,1,5
BRDA:164,30,0,1
BRDA:164,30,1,4
BRDA:166,31,0,0
BRDA:166,31,1,5
BRDA:173,32,0,1
BRDA:173,32,1,4
BRDA:177,33,0,4
BRDA:177,33,1,0
BRDA:177,34,0,4
BRDA:177,34,1,4
BRDA:182,35,0,0
BRDA:182,35,1,0
BRDA:192,36,0,1
BRDA:192,36,1,10
BRDA:202,37,0,2
BRDA:202,37,1,8
BRF:79
BRH:71
end_of_record
TN:
SF:src\utils\branchHygiene.js
FN:30,classify
FN:55,computeBranchHygiene
FN:86,(anonymous_2)
FN:87,(anonymous_3)
FN:88,(anonymous_4)
FNF:5
FNH:5
FNDA:43,classify
FNDA:13,computeBranchHygiene
FNDA:9,(anonymous_2)
FNDA:1,(anonymous_3)
FNDA:4,(anonymous_4)
DA:14,2
DA:24,2
DA:31,43
DA:32,43
DA:33,271
DA:35,36
DA:36,101
DA:38,32
DA:56,13
DA:57,13
DA:58,13
DA:59,13
DA:60,13
DA:62,13
DA:63,46
DA:64,43
DA:65,43
DA:68,43
DA:69,43
DA:70,24
DA:71,24
DA:72,24
DA:73,24
DA:74,24
DA:77,43
DA:78,43
DA:79,10
DA:85,13
DA:86,9
DA:87,1
DA:88,4
DA:90,13
LF:32
LH:32
BRDA:31,0,0,0
BRDA:31,0,1,43
BRDA:31,1,0,43
BRDA:31,1,1,43
BRDA:33,2,0,7
BRDA:33,2,1,264
BRDA:36,3,0,4
BRDA:36,3,1,97
BRDA:55,4,0,13
BRDA:55,5,0,13
BRDA:56,6,0,12
BRDA:56,6,1,1
BRDA:63,7,0,3
BRDA:63,7,1,43
BRDA:64,8,0,7
BRDA:64,8,1,36
BRDA:65,9,0,3
BRDA:65,9,1,40
BRDA:69,10,0,24
BRDA:69,10,1,19
BRDA:71,11,0,24
BRDA:71,11,1,9
BRDA:73,12,0,22
BRDA:73,12,1,2
BRDA:78,13,0,10
BRDA:78,13,1,33
BRDA:78,14,0,43
BRDA:78,14,1,11
BRDA:93,15,0,12
BRDA:93,15,1,1
BRF:30
BRH:29
end_of_record
TN:
SF:src\utils\errors.js
FN:24,getErrorInfo
FN:28,(anonymous_1)
FN:33,(anonymous_2)
FN:36,(anonymous_3)
FN:139,pickCode
FN:143,formatUserError
FNF:6
FNH:2
FNDA:0,getErrorInfo
FNDA:0,(anonymous_1)
FNDA:0,(anonymous_2)
FNDA:0,(anonymous_3)
FNDA:12,pickCode
FNDA:14,formatUserError
DA:15,15
DA:25,0
DA:27,0
DA:28,0
DA:31,0
DA:32,0
DA:33,0
DA:35,0
DA:36,0
DA:39,0
DA:41,0
DA:50,0
DA:51,0
DA:60,0
DA:61,0
DA:64,0
DA:72,0
DA:95,15
DA:133,15
DA:140,12
DA:144,14
DA:146,12
DA:147,12
DA:148,5
DA:151,7
DA:152,1
DA:155,6
DA:156,2
DA:159,4
DA:161,4
DA:163,4
LF:31
LH:15
BRDA:25,0,0,0
BRDA:25,0,1,0
BRDA:27,1,0,0
BRDA:27,1,1,0
BRDA:32,2,0,0
BRDA:32,2,1,0
BRDA:33,3,0,0
BRDA:33,3,1,0
BRDA:35,4,0,0
BRDA:35,4,1,0
BRDA:36,5,0,0
BRDA:36,5,1,0
BRDA:39,6,0,0
BRDA:39,6,1,0
BRDA:43,7,0,0
BRDA:43,7,1,0
BRDA:44,8,0,0
BRDA:44,8,1,0
BRDA:44,8,2,0
BRDA:50,9,0,0
BRDA:50,9,1,0
BRDA:60,10,0,0
BRDA:60,10,1,0
BRDA:61,11,0,0
BRDA:61,11,1,0
BRDA:61,11,2,0
BRDA:65,12,0,0
BRDA:65,12,1,0
BRDA:74,13,0,0
BRDA:74,13,1,0
BRDA:140,14,0,12
BRDA:140,14,1,9
BRDA:140,14,2,8
BRDA:140,14,3,7
BRDA:143,15,0,14
BRDA:144,16,0,2
BRDA:144,16,1,12
BRDA:147,17,0,5
BRDA:147,17,1,7
BRDA:147,18,0,12
BRDA:147,18,1,5
BRDA:151,19,0,1
BRDA:151,19,1,6
BRDA:151,20,0,7
BRDA:151,20,1,1
BRDA:151,21,0,1
BRDA:151,21,1,0
BRDA:155,22,0,2
BRDA:155,22,1,4
BRDA:155,23,0,6
BRDA:155,23,1,5
BRDA:159,24,0,4
BRDA:159,24,1,0
BRDA:165,25,0,4
BRDA:165,25,1,2
BRF:55
BRH:23
end_of_record
TN:
SF:src\utils\format.js
FN:28,formatNumber
FN:62,formatCompact
FN:95,formatPercentage
FN:111,formatFileSize
FN:133,formatDate
FN:150,formatDateTime
FN:169,formatRelativeTime
FNF:7
FNH:6
FNDA:41,formatNumber
FNDA:13,formatCompact
FNDA:10,formatPercentage
FNDA:42,formatFileSize
FNDA:20,formatDate
FNDA:0,formatDateTime
FNDA:12,formatRelativeTime
DA:11,7
DA:35,41
DA:38,41
DA:40,37
DA:41,37
DA:49,0
DA:63,13
DA:65,10
DA:66,10
DA:73,0
DA:74,0
DA:76,0
DA:77,0
DA:79,0
DA:80,0
DA:82,0
DA:96,10
DA:97,10
DA:99,7
DA:112,42
DA:113,39
DA:115,38
DA:116,38
DA:117,42
DA:119,42
DA:121,42
DA:134,20
DA:135,20
DA:136,20
DA:137,20
DA:138,20
DA:140,0
DA:151,0
DA:152,0
DA:153,0
DA:154,0
DA:155,0
DA:157,0
DA:170,12
DA:172,9
DA:173,9
DA:174,9
DA:175,9
DA:177,9
DA:178,9
DA:180,7
DA:181,7
DA:183,4
DA:184,4
DA:186,3
DA:187,3
DA:189,2
DA:190,2
DA:192,1
DA:193,1
LF:55
LH:40
BRDA:28,0,0,41
BRDA:30,1,0,41
BRDA:31,2,0,41
BRDA:32,3,0,41
BRDA:33,4,0,41
BRDA:34,5,0,41
BRDA:38,6,0,4
BRDA:38,6,1,37
BRDA:38,7,0,41
BRDA:38,7,1,39
BRDA:62,8,0,13
BRDA:63,9,0,3
BRDA:63,9,1,10
BRDA:63,10,0,13
BRDA:63,10,1,11
BRDA:73,11,0,0
BRDA:73,11,1,0
BRDA:76,12,0,0
BRDA:76,12,1,0
BRDA:79,13,0,0
BRDA:79,13,1,0
BRDA:95,14,0,10
BRDA:97,15,0,3
BRDA:97,15,1,7
BRDA:97,16,0,10
BRDA:97,16,1,8
BRDA:111,17,0,42
BRDA:112,18,0,3
BRDA:112,18,1,39
BRDA:112,19,0,42
BRDA:112,19,1,40
BRDA:112,19,2,39
BRDA:113,20,0,1
BRDA:113,20,1,38
BRDA:116,21,0,1
BRDA:116,21,1,37
BRDA:133,22,0,20
BRDA:134,23,0,0
BRDA:134,23,1,20
BRDA:135,24,0,0
BRDA:135,24,1,20
BRDA:136,25,0,0
BRDA:136,25,1,20
BRDA:151,26,0,0
BRDA:151,26,1,0
BRDA:152,27,0,0
BRDA:152,27,1,0
BRDA:153,28,0,0
BRDA:153,28,1,0
BRDA:170,29,0,3
BRDA:170,29,1,9
BRDA:174,30,0,0
BRDA:174,30,1,9
BRDA:177,31,0,0
BRDA:177,31,1,9
BRDA:178,32,0,2
BRDA:178,32,1,7
BRDA:181,33,0,3
BRDA:181,33,1,4
BRDA:184,34,0,1
BRDA:184,34,1,3
BRDA:187,35,0,1
BRDA:187,35,1,2
BRDA:190,36,0,1
BRDA:190,36,1,1
BRF:65
BRH:48
end_of_record
TN:
SF:src\utils\githubUrlParser.js
FN:17,parseGitHubUrl
FNF:1
FNH:1
FNDA:17,parseGitHubUrl
DA:18,17
DA:20,17
DA:21,2
DA:24,15
DA:25,15
DA:28,15
DA:29,15
DA:30,2
DA:39,13
DA:42,13
DA:43,13
DA:44,1
DA:47,12
DA:48,12
DA:49,1
DA:52,11
DA:53,11
DA:54,11
DA:55,1
DA:58,10
DA:59,10
DA:61,10
LF:22
LH:22
BRDA:20,0,0,2
BRDA:20,0,1,15
BRDA:20,1,0,17
BRDA:20,1,1,15
BRDA:25,2,0,0
BRDA:25,2,1,15
BRDA:29,3,0,2
BRDA:29,3,1,13
BRDA:43,4,0,1
BRDA:43,4,1,12
BRDA:48,5,0,1
BRDA:48,5,1,11
BRDA:54,6,0,1
BRDA:54,6,1,10
BRDA:59,7,0,1
BRDA:59,7,1,9
BRF:16
BRH:15
end_of_record
TN:
SF:src\utils\migrationDescription.js
FN:16,sanitizeRepoDescription
FN:31,defaultRepoDescription
FN:50,escapeForRegex
FNF:3
FNH:3
FNDA:7,sanitizeRepoDescription
FNDA:5,defaultRepoDescription
FNDA:4,escapeForRegex
DA:9,2
DA:11,2
DA:12,2
DA:13,2
DA:14,2
DA:17,7
DA:18,7
DA:19,7
DA:20,7
DA:21,7
DA:22,7
DA:23,7
DA:24,0
DA:25,0
DA:26,0
DA:27,0
DA:28,7
DA:32,5
DA:33,5
DA:34,5
DA:35,5
DA:37,5
DA:38,4
DA:41,4
DA:42,4
DA:45,1
DA:46,5
DA:47,5
DA:51,4
LF:29
LH:25
BRDA:17,0,0,0
BRDA:17,0,1,7
BRDA:23,1,0,7
BRDA:23,1,1,0
BRDA:27,2,0,0
BRDA:27,2,1,0
BRDA:31,3,0,5
BRDA:32,4,0,5
BRDA:32,4,1,0
BRDA:33,5,0,5
BRDA:33,5,1,0
BRDA:35,6,0,5
BRDA:35,6,1,1
BRDA:37,7,0,4
BRDA:37,7,1,1
BRDA:41,8,0,4
BRDA:41,8,1,0
BRDA:45,9,0,1
BRDA:45,9,1,0
BRDA:46,10,0,1
BRDA:46,10,1,0
BRF:21
BRH:12
end_of_record
TN:
SF:src\utils\pasteDialogPayload.js
FN:16,buildWizardPayload
FNF:1
FNH:1
FNDA:10,buildWizardPayload
DA:17,10
DA:18,10
DA:19,10
DA:23,10
DA:24,6
DA:25,6
DA:40,4
DA:41,4
LF:8
LH:8
BRDA:18,0,0,10
BRDA:18,0,1,0
BRDA:19,1,0,4
BRDA:19,1,1,6
BRDA:19,2,0,10
BRDA:19,2,1,9
BRDA:23,3,0,6
BRDA:23,3,1,4
BRDA:28,4,0,6
BRDA:28,4,1,1
BRDA:29,5,0,6
BRDA:29,5,1,1
BRDA:31,6,0,6
BRDA:31,6,1,1
BRDA:33,7,0,5
BRDA:33,7,1,1
BRDA:34,8,0,5
BRDA:34,8,1,0
BRDA:36,9,0,5
BRDA:36,9,1,1
BRDA:46,10,0,4
BRDA:46,10,1,0
BRF:22
BRH:19
end_of_record
TN:
SF:src\utils\prRisk.js
FN:29,daysBetween
FN:40,computePRRisks
FN:134,highestSeverity
FN:137,(anonymous_3)
FNF:4
FNH:4
FNDA:17,daysBetween
FNDA:21,computePRRisks
FNDA:5,highestSeverity
FNDA:5,(anonymous_3)
DA:16,2
DA:17,2
DA:18,2
DA:19,2
DA:20,2
DA:22,2
DA:30,17
DA:41,21
DA:42,17
DA:44,17
DA:45,21
DA:48,21
DA:49,1
DA:55,16
DA:56,5
DA:65,17
DA:66,14
DA:67,14
DA:68,5
DA:74,9
DA:75,1
DA:85,17
DA:86,21
DA:87,2
DA:96,17
DA:97,8
DA:98,8
DA:99,8
DA:100,8
DA:101,5
DA:107,3
DA:108,1
DA:118,17
DA:119,3
DA:127,17
DA:135,5
DA:136,3
DA:137,5
LF:38
LH:38
BRDA:40,0,0,21
BRDA:41,1,0,4
BRDA:41,1,1,17
BRDA:41,2,0,21
BRDA:41,2,1,19
BRDA:44,3,0,17
BRDA:44,3,1,0
BRDA:45,4,0,17
BRDA:45,4,1,0
BRDA:48,5,0,1
BRDA:48,5,1,16
BRDA:55,6,0,5
BRDA:55,6,1,11
BRDA:65,7,0,14
BRDA:65,7,1,3
BRDA:66,8,0,14
BRDA:66,8,1,4
BRDA:67,9,0,5
BRDA:67,9,1,9
BRDA:74,10,0,1
BRDA:74,10,1,8
BRDA:85,11,0,17
BRDA:85,11,1,0
BRDA:85,12,0,21
BRDA:85,12,1,4
BRDA:86,13,0,2
BRDA:86,13,1,19
BRDA:96,14,0,8
BRDA:96,14,1,9
BRDA:96,15,0,17
BRDA:96,15,1,14
BRDA:97,16,0,4
BRDA:97,16,1,4
BRDA:98,17,0,4
BRDA:98,17,1,4
BRDA:99,18,0,4
BRDA:99,18,1,4
BRDA:100,19,0,5
BRDA:100,19,1,3
BRDA:100,20,0,8
BRDA:100,20,1,5
BRDA:100,20,2,5
BRDA:107,21,0,1
BRDA:107,21,1,2
BRDA:118,22,0,3
BRDA:118,22,1,14
BRDA:135,23,0,2
BRDA:135,23,1,3
BRDA:137,24,0,3
BRDA:137,24,1,0
BRDA:137,25,0,5
BRDA:137,25,1,0
BRDA:137,26,0,5
BRDA:137,26,1,0
BRF:54
BRH:48
end_of_record
TN:
SF:src\utils\providerCapabilities.js
FNF:0
FNH:0
DA:12,5
DA:14,5
DA:28,5
DA:61,5
DA:72,5
DA:85,5
DA:98,5
LF:7
LH:7
BRF:0
BRH:0
end_of_record
TN:
SF:src\utils\providerModels.js
FN:157,getCompletionModels
FN:161,getEmbeddingModels
FNF:2
FNH:2
FNDA:98,getCompletionModels
FNDA:9,getEmbeddingModels
DA:17,5
DA:113,5
DA:141,5
DA:149,5
DA:158,98
DA:162,9
LF:6
LH:6
BRDA:158,0,0,98
BRDA:158,0,1,0
BRDA:162,1,0,9
BRDA:162,1,1,0
BRF:4
BRH:2
end_of_record
TN:
SF:src\utils\providerPricing.js
FN:36,getPricingForModel
FN:61,formatPricing
FN:64,(anonymous_2)
FNF:3
FNH:3
FNDA:83,getPricingForModel
FNDA:83,formatPricing
FNDA:162,(anonymous_2)
DA:14,5
DA:27,5
DA:37,83
DA:40,83
DA:43,2
DA:44,2
DA:45,2
DA:46,20
DA:47,0
DA:48,0
DA:51,2
DA:62,83
DA:64,162
DA:66,81
DA:67,81
DA:69,0
LF:16
LH:13
BRDA:37,0,0,0
BRDA:37,0,1,83
BRDA:40,1,0,81
BRDA:40,1,1,2
BRDA:46,2,0,0
BRDA:46,2,1,20
BRDA:46,3,0,20
BRDA:46,3,1,0
BRDA:62,4,0,2
BRDA:62,4,1,81
BRDA:64,5,0,26
BRDA:64,5,1,136
BRDA:64,6,0,0
BRDA:64,6,1,136
BRDA:66,7,0,81
BRDA:66,7,1,0
BRF:16
BRH:11
end_of_record
TN:
SF:src\utils\repoUrlDetector.js
FN:17,detectRepoUrl
FNF:1
FNH:1
FNDA:22,detectRepoUrl
DA:18,22
DA:19,1
DA:27,21
DA:28,3
DA:29,3
DA:30,0
DA:32,3
DA:40,18
DA:41,18
DA:42,10
DA:44,8
LF:11
LH:10
BRDA:18,0,0,1
BRDA:18,0,1,21
BRDA:18,1,0,22
BRDA:18,1,1,21
BRDA:18,1,2,21
BRDA:27,2,0,3
BRDA:27,2,1,18
BRDA:27,3,0,21
BRDA:27,3,1,20
BRDA:29,4,0,0
BRDA:29,4,1,3
BRDA:41,5,0,10
BRDA:41,5,1,8
BRF:13
BRH:12
end_of_record
TN:
SF:src\utils\retry-queue.js
FN:33,onRetryQueueEvent
FN:35,(anonymous_1)
FN:38,emit
FN:39,(anonymous_3)
FN:49,now
FN:51,pruneExpired
FN:65,enqueueMutation
FN:67,(anonymous_7)
FN:94,replayQueue
FN:134,_getQueueLengthForTests
FN:135,_resetQueueForTests
FN:139,_peekQueueForTests
FNF:12
FNH:12
FNDA:7,onRetryQueueEvent
FNDA:7,(anonymous_1)
FNDA:65,emit
FNDA:1,(anonymous_3)
FNDA:120,now
FNDA:63,pruneExpired
FNDA:58,enqueueMutation
FNDA:58,(anonymous_7)
FNDA:5,replayQueue
FNDA:11,_getQueueLengthForTests
FNDA:6,_resetQueueForTests
FNDA:1,_peekQueueForTests
DA:22,26
DA:23,26
DA:24,26
DA:31,26
DA:34,7
DA:35,7
DA:39,65
DA:40,1
DA:46,26
DA:47,26
DA:49,120
DA:52,63
DA:53,63
DA:54,1
DA:55,1
DA:66,58
DA:67,58
DA:68,58
DA:69,1
DA:70,1
DA:72,57
DA:81,57
DA:82,57
DA:95,5
DA:96,5
DA:98,5
DA:99,5
DA:101,5
DA:102,5
DA:104,5
DA:105,6
DA:106,6
DA:107,6
DA:108,2
DA:109,2
DA:111,4
DA:113,2
DA:114,2
DA:116,0
DA:117,0
DA:118,0
DA:121,2
DA:122,2
DA:123,2
DA:128,5
DA:129,5
DA:134,11
DA:136,6
DA:137,6
DA:139,1
LF:50
LH:47
BRDA:53,0,0,63
BRDA:53,0,1,57
BRDA:68,1,0,1
BRDA:68,1,1,57
BRDA:96,2,0,0
BRDA:96,2,1,5
BRDA:111,3,0,2
BRDA:111,3,1,2
BRDA:111,4,0,4
BRDA:111,4,1,3
BRDA:113,5,0,2
BRDA:113,5,1,0
BRDA:128,6,0,1
BRDA:128,6,1,4
BRF:14
BRH:12
end_of_record
TN:
SF:src\utils\statsAggregator.js
FN:8,shouldShowCategory
FN:10,(anonymous_1)
FN:10,(anonymous_2)
FN:11,(anonymous_3)
FN:11,(anonymous_4)
FN:12,(anonymous_5)
FN:12,(anonymous_6)
FN:13,(anonymous_7)
FN:14,(anonymous_8)
FN:15,(anonymous_9)
FN:24,aggregateRepoStats
FN:39,(anonymous_11)
FN:66,aggregateLanguages
FN:70,(anonymous_13)
FN:77,(anonymous_14)
FN:78,(anonymous_15)
FN:84,groupByUpdateTime
FN:93,(anonymous_17)
FN:114,calculateActivityMetrics
FN:128,(anonymous_19)
FN:129,(anonymous_20)
FNF:21
FNH:10
FNDA:30,shouldShowCategory
FNDA:5,(anonymous_1)
FNDA:0,(anonymous_2)
FNDA:5,(anonymous_3)
FNDA:0,(anonymous_4)
FNDA:5,(anonymous_5)
FNDA:0,(anonymous_6)
FNDA:5,(anonymous_7)
FNDA:5,(anonymous_8)
FNDA:5,(anonymous_9)
FNDA:5,aggregateRepoStats
FNDA:0,(anonymous_11)
FNDA:5,aggregateLanguages
FNDA:0,(anonymous_13)
FNDA:0,(anonymous_14)
FNDA:0,(anonymous_15)
FNDA:0,groupByUpdateTime
FNDA:0,(anonymous_17)
FNDA:5,calculateActivityMetrics
FNDA:0,(anonymous_19)
FNDA:0,(anonymous_20)
DA:9,30
DA:10,5
DA:11,5
DA:12,5
DA:13,5
DA:14,5
DA:15,5
DA:18,30
DA:25,5
DA:26,5
DA:39,0
DA:40,0
DA:41,0
DA:42,0
DA:43,0
DA:44,0
DA:45,0
DA:46,0
DA:47,0
DA:48,0
DA:49,0
DA:67,5
DA:69,0
DA:70,0
DA:71,0
DA:72,0
DA:76,0
DA:77,0
DA:78,0
DA:85,0
DA:86,0
DA:93,0
DA:94,0
DA:95,0
DA:96,0
DA:99,0
DA:100,0
DA:102,0
DA:103,0
DA:104,0
DA:105,0
DA:108,0
DA:115,5
DA:116,5
DA:124,0
DA:125,0
DA:127,0
DA:128,0
DA:130,0
DA:131,0
DA:132,0
DA:133,0
DA:134,0
DA:135,0
DA:136,0
DA:138,0
LF:56
LH:13
BRDA:10,0,0,5
BRDA:10,0,1,5
BRDA:11,1,0,5
BRDA:11,1,1,5
BRDA:12,2,0,5
BRDA:12,2,1,5
BRDA:13,3,0,5
BRDA:13,3,1,5
BRDA:18,4,0,30
BRDA:18,4,1,0
BRDA:24,5,0,5
BRDA:25,6,0,5
BRDA:25,6,1,0
BRDA:25,7,0,5
BRDA:25,7,1,5
BRDA:41,8,0,0
BRDA:41,8,1,0
BRDA:43,9,0,0
BRDA:43,9,1,0
BRDA:45,10,0,0
BRDA:45,10,1,0
BRDA:46,11,0,0
BRDA:46,11,1,0
BRDA:47,12,0,0
BRDA:47,12,1,0
BRDA:48,13,0,0
BRDA:48,13,1,0
BRDA:66,14,0,5
BRDA:67,15,0,5
BRDA:67,15,1,0
BRDA:67,16,0,5
BRDA:67,16,1,5
BRDA:71,17,0,0
BRDA:71,17,1,0
BRDA:72,18,0,0
BRDA:72,18,1,0
BRDA:84,19,0,0
BRDA:94,20,0,0
BRDA:94,20,1,0
BRDA:102,21,0,0
BRDA:102,21,1,0
BRDA:103,22,0,0
BRDA:103,22,1,0
BRDA:104,23,0,0
BRDA:104,23,1,0
BRDA:114,24,0,5
BRDA:114,25,0,5
BRDA:115,26,0,5
BRDA:115,26,1,0
BRDA:115,27,0,5
BRDA:115,27,1,5
BRDA:131,28,0,0
BRDA:131,28,1,0
BRDA:132,29,0,0
BRDA:132,29,1,0
BRDA:133,30,0,0
BRDA:133,30,1,0
BRDA:135,31,0,0
BRDA:135,31,1,0
BRF:59
BRH:22
end_of_record
TN:
SF:src\utils\time.js
FN:30,daysSince
FN:38,hoursSince
FNF:2
FNH:0
FNDA:0,daysSince
FNDA:0,hoursSince
DA:12,0
DA:13,0
DA:14,0
DA:15,0
DA:16,0
DA:23,0
DA:24,0
DA:31,0
DA:32,0
DA:33,0
DA:34,0
DA:39,0
DA:40,0
DA:41,0
DA:42,0
LF:15
LH:0
BRDA:31,0,0,0
BRDA:31,0,1,0
BRDA:32,1,0,0
BRDA:32,1,1,0
BRDA:33,2,0,0
BRDA:33,2,1,0
BRDA:39,3,0,0
BRDA:39,3,1,0
BRDA:40,4,0,0
BRDA:40,4,1,0
BRDA:41,5,0,0
BRDA:41,5,1,0
BRF:12
BRH:0
end_of_record
